#-----------------------------------------------------------
# Vivado v2018.2 (64-bit)
# SW Build 2258646 on Thu Jun 14 20:02:38 MDT 2018
# IP Build 2256618 on Thu Jun 14 22:10:49 MDT 2018
# Start of session at: Tue Jan 14 10:04:56 2020
# Process ID: 18224
# Current directory: /home/lscmbfong
# Command line: vivado
# Log file: /home/lscmbfong/vivado.log
# Journal file: /home/lscmbfong/vivado.jou
#-----------------------------------------------------------
start_gui
Warning: locale not supported by Xlib, locale set to C
open_project /home/lscmbfong/Desktop/zynq_prj/myi_can/myi_can.xpr
Scanning sources...
Finished scanning sources
INFO: [IP_Flow 19-234] Refreshing IP repositories
INFO: [IP_Flow 19-1704] No user IP repositories specified
INFO: [IP_Flow 19-2313] Loaded Vivado IP repository '/home/tools/Vivado/2018.2/data/ip'.
open_project: Time (s): cpu = 00:00:10 ; elapsed = 00:00:06 . Memory (MB): peak = 6182.148 ; gain = 136.766 ; free physical = 39600 ; free virtual = 74478
update_compile_order -fileset sources_1
open_bd_design {/home/lscmbfong/Desktop/zynq_prj/myi_can/myi_can.srcs/sources_1/bd/top_arm/top_arm.bd}
Adding cell -- xilinx.com:ip:processing_system7:5.5 - processing_system7_0
Successfully read diagram <top_arm> from BD file </home/lscmbfong/Desktop/zynq_prj/myi_can/myi_can.srcs/sources_1/bd/top_arm/top_arm.bd>
WARNING: [IP_Flow 19-474] Invalid Parameter 'Component_Name'
exit
INFO: [Common 17-206] Exiting Vivado at Tue Jan 14 10:09:04 2020...
