09:25:21 **** Clean-only build of project bootloader_bsp ****
make -k clean 
make -C ps7_cortexa9_0/libsrc/ddrps_v1_0/src -s clean 
make -C ps7_cortexa9_0/libsrc/standalone_v6_8/src -s clean 
make -C ps7_cortexa9_0/libsrc/dmaps_v2_4/src -s clean 
make -C ps7_cortexa9_0/libsrc/cpu_cortexa9_v2_7/src -s clean 
make -C ps7_cortexa9_0/libsrc/gpiops_v3_4/src -s clean 
make -C ps7_cortexa9_0/libsrc/qspips_v3_5/src -s clean 
make -C ps7_cortexa9_0/libsrc/xilrsa_v1_5/src -s clean 
make -C ps7_cortexa9_0/libsrc/xilffs_v4_0/src -s clean 
make -C ps7_cortexa9_0/libsrc/iicps_v3_8/src -s clean 
make -C ps7_cortexa9_0/libsrc/canps_v3_2/src -s clean 
make -C ps7_cortexa9_0/libsrc/scugic_v3_10/src -s clean 
make -C ps7_cortexa9_0/libsrc/xadcps_v2_3/src -s clean 
make -C ps7_cortexa9_0/libsrc/spips_v3_1/src -s clean 
make -C ps7_cortexa9_0/libsrc/devcfg_v3_5/src -s clean 
make -C ps7_cortexa9_0/libsrc/gpio_v4_3/src -s clean 
make -C ps7_cortexa9_0/libsrc/scuwdt_v2_1/src -s clean 
make -C ps7_cortexa9_0/libsrc/uartps_v3_7/src -s clean 
make -C ps7_cortexa9_0/libsrc/coresightps_dcc_v1_4/src -s clean 
make -C ps7_cortexa9_0/libsrc/scutimer_v2_1/src -s clean 
rm -f ps7_cortexa9_0/lib/libxil.a

09:25:21 Build Finished (took 467ms)

