INFO: [VRFC 10-2263] Analyzing Verilog file "/home/whwong/Codes/xilinx/vivado/zynq_motor_basic_test.xpr/zynq_motor_ctrl/zynq_motor_ctrl.sim/sim_1/synth/func/xsim/cpu_wrapper_func_synth.v" into library xil_defaultlib
INFO: [VRFC 10-311] analyzing module cpu
INFO: [VRFC 10-311] analyzing module cpu_auto_pc_0
INFO: [VRFC 10-311] analyzing module cpu_auto_pc_0__axi_protocol_converter_v2_1_18_axi_protocol_converter
INFO: [VRFC 10-311] analyzing module cpu_auto_pc_0__axi_protocol_converter_v2_1_18_b2s
INFO: [VRFC 10-311] analyzing module cpu_auto_pc_0__axi_protocol_converter_v2_1_18_b2s_ar_channel
INFO: [VRFC 10-311] analyzing module cpu_auto_pc_0__axi_protocol_converter_v2_1_18_b2s_aw_channel
INFO: [VRFC 10-311] analyzing module cpu_auto_pc_0__axi_protocol_converter_v2_1_18_b2s_b_channel
INFO: [VRFC 10-311] analyzing module cpu_auto_pc_0__axi_protocol_converter_v2_1_18_b2s_cmd_translator
INFO: [VRFC 10-311] analyzing module cpu_auto_pc_0__axi_protocol_converter_v2_1_18_b2s_cmd_translator_1
INFO: [VRFC 10-311] analyzing module cpu_auto_pc_0__axi_protocol_converter_v2_1_18_b2s_incr_cmd
INFO: [VRFC 10-311] analyzing module cpu_auto_pc_0__axi_protocol_converter_v2_1_18_b2s_incr_cmd_2
INFO: [VRFC 10-311] analyzing module cpu_auto_pc_0__axi_protocol_converter_v2_1_18_b2s_r_channel
INFO: [VRFC 10-311] analyzing module cpu_auto_pc_0__axi_protocol_converter_v2_1_18_b2s_rd_cmd_fsm
INFO: [VRFC 10-311] analyzing module cpu_auto_pc_0__axi_protocol_converter_v2_1_18_b2s_simple_fifo
INFO: [VRFC 10-311] analyzing module cpu_auto_pc_0__axi_protocol_converter_v2_1_18_b2s_simple_fifo__parameterized0
INFO: [VRFC 10-311] analyzing module cpu_auto_pc_0__axi_protocol_converter_v2_1_18_b2s_simple_fifo__parameterized1
INFO: [VRFC 10-311] analyzing module cpu_auto_pc_0__axi_protocol_converter_v2_1_18_b2s_simple_fifo__parameterized2
INFO: [VRFC 10-311] analyzing module cpu_auto_pc_0__axi_protocol_converter_v2_1_18_b2s_wr_cmd_fsm
INFO: [VRFC 10-311] analyzing module cpu_auto_pc_0__axi_protocol_converter_v2_1_18_b2s_wrap_cmd
INFO: [VRFC 10-311] analyzing module cpu_auto_pc_0__axi_protocol_converter_v2_1_18_b2s_wrap_cmd_3
INFO: [VRFC 10-311] analyzing module cpu_auto_pc_0__axi_register_slice_v2_1_18_axi_register_slice
INFO: [VRFC 10-311] analyzing module cpu_auto_pc_0__axi_register_slice_v2_1_18_axic_register_slice
INFO: [VRFC 10-311] analyzing module cpu_auto_pc_0__axi_register_slice_v2_1_18_axic_register_slice_0
INFO: [VRFC 10-311] analyzing module cpu_auto_pc_0__axi_register_slice_v2_1_18_axic_register_slice__parameterized1
INFO: [VRFC 10-311] analyzing module cpu_auto_pc_0__axi_register_slice_v2_1_18_axic_register_slice__parameterized2
INFO: [VRFC 10-311] analyzing module cpu_axi_gpio_0_0
INFO: [VRFC 10-311] analyzing module cpu_axi_gpio_0_0_GPIO_Core
INFO: [VRFC 10-311] analyzing module cpu_axi_gpio_0_0_address_decoder
INFO: [VRFC 10-311] analyzing module cpu_axi_gpio_0_0_axi_gpio
INFO: [VRFC 10-311] analyzing module cpu_axi_gpio_0_0_axi_lite_ipif
INFO: [VRFC 10-311] analyzing module cpu_axi_gpio_0_0_cdc_sync
INFO: [VRFC 10-311] analyzing module cpu_axi_gpio_0_0_cdc_sync_0
INFO: [VRFC 10-311] analyzing module cpu_axi_gpio_0_0_pselect_f
INFO: [VRFC 10-311] analyzing module cpu_axi_gpio_0_0_pselect_f__parameterized1
INFO: [VRFC 10-311] analyzing module cpu_axi_gpio_0_0_slave_attachment
INFO: [VRFC 10-311] analyzing module cpu_axi_gpio_1_0
INFO: [VRFC 10-311] analyzing module cpu_axi_gpio_1_0__GPIO_Core
INFO: [VRFC 10-311] analyzing module cpu_axi_gpio_1_0__address_decoder
INFO: [VRFC 10-311] analyzing module cpu_axi_gpio_1_0__axi_gpio
INFO: [VRFC 10-311] analyzing module cpu_axi_gpio_1_0__axi_lite_ipif
INFO: [VRFC 10-311] analyzing module cpu_axi_gpio_1_0__cdc_sync
INFO: [VRFC 10-311] analyzing module cpu_axi_gpio_1_0__cdc_sync_0
INFO: [VRFC 10-311] analyzing module cpu_axi_gpio_1_0__pselect_f
INFO: [VRFC 10-311] analyzing module cpu_axi_gpio_1_0__pselect_f__parameterized1
INFO: [VRFC 10-311] analyzing module cpu_axi_gpio_1_0__slave_attachment
INFO: [VRFC 10-311] analyzing module cpu_axi_gpio_1_1
INFO: [VRFC 10-311] analyzing module cpu_axi_gpio_1_1__GPIO_Core
INFO: [VRFC 10-311] analyzing module cpu_axi_gpio_1_1__address_decoder
INFO: [VRFC 10-311] analyzing module cpu_axi_gpio_1_1__axi_gpio
INFO: [VRFC 10-311] analyzing module cpu_axi_gpio_1_1__axi_lite_ipif
INFO: [VRFC 10-311] analyzing module cpu_axi_gpio_1_1__cdc_sync
INFO: [VRFC 10-311] analyzing module cpu_axi_gpio_1_1__cdc_sync_0
INFO: [VRFC 10-311] analyzing module cpu_axi_gpio_1_1__pselect_f
INFO: [VRFC 10-311] analyzing module cpu_axi_gpio_1_1__pselect_f__parameterized1
INFO: [VRFC 10-311] analyzing module cpu_axi_gpio_1_1__slave_attachment
INFO: [VRFC 10-311] analyzing module cpu_axi_gpio_2_0
INFO: [VRFC 10-311] analyzing module cpu_axi_gpio_2_0__GPIO_Core
INFO: [VRFC 10-311] analyzing module cpu_axi_gpio_2_0__address_decoder
INFO: [VRFC 10-311] analyzing module cpu_axi_gpio_2_0__axi_gpio
INFO: [VRFC 10-311] analyzing module cpu_axi_gpio_2_0__axi_lite_ipif
INFO: [VRFC 10-311] analyzing module cpu_axi_gpio_2_0__cdc_sync
INFO: [VRFC 10-311] analyzing module cpu_axi_gpio_2_0__cdc_sync_0
INFO: [VRFC 10-311] analyzing module cpu_axi_gpio_2_0__pselect_f
INFO: [VRFC 10-311] analyzing module cpu_axi_gpio_2_0__pselect_f__parameterized1
INFO: [VRFC 10-311] analyzing module cpu_axi_gpio_2_0__slave_attachment
INFO: [VRFC 10-311] analyzing module cpu_processing_system7_0_0
INFO: [VRFC 10-311] analyzing module cpu_processing_system7_0_0_processing_system7_v5_5_processing_system7
INFO: [VRFC 10-311] analyzing module cpu_ps7_0_axi_periph_0
INFO: [VRFC 10-311] analyzing module cpu_rst_ps7_0_50M_0
INFO: [VRFC 10-311] analyzing module cpu_rst_ps7_0_50M_0_cdc_sync
INFO: [VRFC 10-311] analyzing module cpu_rst_ps7_0_50M_0_cdc_sync_0
INFO: [VRFC 10-311] analyzing module cpu_rst_ps7_0_50M_0_lpf
INFO: [VRFC 10-311] analyzing module cpu_rst_ps7_0_50M_0_proc_sys_reset
INFO: [VRFC 10-311] analyzing module cpu_rst_ps7_0_50M_0_sequence_psr
INFO: [VRFC 10-311] analyzing module cpu_rst_ps7_0_50M_0_upcnt_n
INFO: [VRFC 10-311] analyzing module cpu_wrapper
INFO: [VRFC 10-311] analyzing module cpu_xbar_0
INFO: [VRFC 10-311] analyzing module cpu_xbar_0_axi_crossbar_v2_1_19_addr_arbiter_sasd
INFO: [VRFC 10-311] analyzing module cpu_xbar_0_axi_crossbar_v2_1_19_axi_crossbar
INFO: [VRFC 10-311] analyzing module cpu_xbar_0_axi_crossbar_v2_1_19_crossbar_sasd
INFO: [VRFC 10-311] analyzing module cpu_xbar_0_axi_crossbar_v2_1_19_decerr_slave
INFO: [VRFC 10-311] analyzing module cpu_xbar_0_axi_crossbar_v2_1_19_splitter
INFO: [VRFC 10-311] analyzing module cpu_xbar_0_axi_crossbar_v2_1_19_splitter__parameterized0
INFO: [VRFC 10-311] analyzing module cpu_xbar_0_axi_register_slice_v2_1_18_axic_register_slice
INFO: [VRFC 10-311] analyzing module s00_couplers_imp_1TEZSSK
INFO: [VRFC 10-311] analyzing module glbl
