#-----------------------------------------------------------
# Webtalk v2018.3.1 (64-bit)
# SW Build 2489853 on Tue Mar 26 04:18:30 MDT 2019
# 
# Start of session at: Mon Jun 15 18:34:49 2020
# Process ID: 22543
# Current directory: /home/whwong/Codes/xilinx/vivado/zynq_motor_basic_test.xpr/zynq_motor_ctrl/zynq_motor_ctrl.sdk/webtalk
# Command line: wbtcv -mode batch -source sdk_webtalk.tcl
# Log file: /home/whwong/Codes/xilinx/vivado/zynq_motor_basic_test.xpr/zynq_motor_ctrl/zynq_motor_ctrl.sdk/webtalk/webtalk.log
# Journal file: /home/whwong/Codes/xilinx/vivado/zynq_motor_basic_test.xpr/zynq_motor_ctrl/zynq_motor_ctrl.sdk/webtalk/webtalk.jou
#-----------------------------------------------------------
source sdk_webtalk.tcl
# webtalk_init -webtalk_dir /home/whwong/Codes/xilinx/vivado/zynq_motor_basic_test.xpr/zynq_motor_ctrl/zynq_motor_ctrl.sdk/webtalk
# webtalk_register_client -client project
# webtalk_add_data -client project -key date_generated -value "2020-06-15 18:34:48" -context "software_version_and_target_device"
# webtalk_add_data -client project -key product_version -value "SDK v2018.3" -context "software_version_and_target_device"
# webtalk_add_data -client project -key build_version -value "2018.3" -context "software_version_and_target_device"
# webtalk_add_data -client project -key os_platform -value "amd64" -context "software_version_and_target_device"
# webtalk_add_data -client project -key registration_id -value "211839006_1777549648_0_607" -context "software_version_and_target_device"
# webtalk_add_data -client project -key tool_flow -value "SDK" -context "software_version_and_target_device"
# webtalk_add_data -client project -key beta -value "false" -context "software_version_and_target_device"
# webtalk_add_data -client project -key route_design -value "NA" -context "software_version_and_target_device"
# webtalk_add_data -client project -key target_family -value "NA" -context "software_version_and_target_device"
# webtalk_add_data -client project -key target_device -value "NA" -context "software_version_and_target_device"
# webtalk_add_data -client project -key target_package -value "NA" -context "software_version_and_target_device"
# webtalk_add_data -client project -key target_speed -value "NA" -context "software_version_and_target_device"
# webtalk_add_data -client project -key random_id -value "g9f34koqem0ivhm09lal7n3i8j" -context "software_version_and_target_device"
# webtalk_add_data -client project -key project_id -value "2018.3_4" -context "software_version_and_target_device"
# webtalk_add_data -client project -key project_iteration -value "4" -context "software_version_and_target_device"
# webtalk_add_data -client project -key os_name -value "Ubuntu" -context "user_environment"
# webtalk_add_data -client project -key os_release -value "Ubuntu 18.04.4 LTS" -context "user_environment"
# webtalk_add_data -client project -key cpu_name -value "Intel(R) Core(TM) i7-8750H CPU @ 2.20GHz" -context "user_environment"
# webtalk_add_data -client project -key cpu_speed -value "3900.152 MHz" -context "user_environment"
# webtalk_add_data -client project -key total_processors -value "1" -context "user_environment"
# webtalk_add_data -client project -key system_ram -value "16.661 GB" -context "user_environment"
# webtalk_register_client -client sdk
# webtalk_add_data -client sdk -key uid -value "1592215474000" -context "sdk\\\\bsp/1592215474000"
# webtalk_add_data -client sdk -key hwid -value "1587718051000" -context "sdk\\\\bsp/1592215474000"
# webtalk_add_data -client sdk -key os -value "standalone" -context "sdk\\\\bsp/1592215474000"
# webtalk_add_data -client sdk -key apptemplate -value "zynq_fsbl" -context "sdk\\\\bsp/1592215474000"
# webtalk_add_data -client sdk -key RecordType -value "BSPCreation" -context "sdk\\\\bsp/1592215474000"
# webtalk_add_data -client sdk -key uid -value "1592215483000" -context "sdk\\\\application/1592215483000"
# webtalk_add_data -client sdk -key hwid -value "1587718051000" -context "sdk\\\\application/1592215483000"
# webtalk_add_data -client sdk -key bspid -value "1592215474000" -context "sdk\\\\application/1592215483000"
# webtalk_add_data -client sdk -key newbsp -value "true" -context "sdk\\\\application/1592215483000"
# webtalk_add_data -client sdk -key os -value "standalone" -context "sdk\\\\application/1592215483000"
# webtalk_add_data -client sdk -key apptemplate -value "zynq_fsbl" -context "sdk\\\\application/1592215483000"
# webtalk_add_data -client sdk -key RecordType -value "APPCreation" -context "sdk\\\\application/1592215483000"
# webtalk_add_data -client sdk -key LangUsed -value "C" -context "sdk\\\\application/1592215483000"
# webtalk_add_data -client sdk -key Procused -value "ps7_cortexa9" -context "sdk\\\\application/1592215483000"
# webtalk_add_data -client sdk -key projSize -value "433.640625" -context "sdk\\\\application/1592215483000"
# webtalk_add_data -client sdk -key uid -value "1592215591000" -context "sdk\\\\application/1592215591000"
# webtalk_add_data -client sdk -key hwid -value "1587718051000" -context "sdk\\\\application/1592215591000"
# webtalk_add_data -client sdk -key bspid -value "1592215474000" -context "sdk\\\\application/1592215591000"
# webtalk_add_data -client sdk -key newbsp -value "false" -context "sdk\\\\application/1592215591000"
# webtalk_add_data -client sdk -key os -value "standalone" -context "sdk\\\\application/1592215591000"
# webtalk_add_data -client sdk -key apptemplate -value "empty_application" -context "sdk\\\\application/1592215591000"
# webtalk_add_data -client sdk -key RecordType -value "APPCreation" -context "sdk\\\\application/1592215591000"
# webtalk_add_data -client sdk -key LangUsed -value "C" -context "sdk\\\\application/1592215591000"
# webtalk_add_data -client sdk -key Procused -value "ps7_cortexa9" -context "sdk\\\\application/1592215591000"
# webtalk_add_data -client sdk -key uid -value "1592215744000" -context "sdk\\\\application/1592215744000"
# webtalk_add_data -client sdk -key hwid -value "1587718051000" -context "sdk\\\\application/1592215744000"
# webtalk_add_data -client sdk -key bspid -value "1592215474000" -context "sdk\\\\application/1592215744000"
# webtalk_add_data -client sdk -key newbsp -value "false" -context "sdk\\\\application/1592215744000"
# webtalk_add_data -client sdk -key os -value "standalone" -context "sdk\\\\application/1592215744000"
# webtalk_add_data -client sdk -key apptemplate -value "hello_world" -context "sdk\\\\application/1592215744000"
# webtalk_add_data -client sdk -key RecordType -value "APPCreation" -context "sdk\\\\application/1592215744000"
# webtalk_add_data -client sdk -key LangUsed -value "C" -context "sdk\\\\application/1592215744000"
# webtalk_add_data -client sdk -key Procused -value "ps7_cortexa9" -context "sdk\\\\application/1592215744000"
# webtalk_add_data -client sdk -key projSize -value "186.59765625" -context "sdk\\\\application/1592215744000"
# webtalk_add_data -client sdk -key uid -value "NA" -context "sdk\\\\bsp/1592217288439"
# webtalk_add_data -client sdk -key RecordType -value "ToolUsage" -context "sdk\\\\bsp/1592217288439"
# webtalk_add_data -client sdk -key BootgenCount -value "1" -context "sdk\\\\bsp/1592217288439"
# webtalk_add_data -client sdk -key DebugCount -value "3" -context "sdk\\\\bsp/1592217288439"
# webtalk_add_data -client sdk -key PerfCount -value "0" -context "sdk\\\\bsp/1592217288439"
# webtalk_add_data -client sdk -key FlashCount -value "2" -context "sdk\\\\bsp/1592217288439"
# webtalk_add_data -client sdk -key CrossTriggCount -value "0" -context "sdk\\\\bsp/1592217288439"
# webtalk_add_data -client sdk -key QemuDebugCount -value "0" -context "sdk\\\\bsp/1592217288439"
# webtalk_transmit -clientid 3794496302 -regid "211839006_1777549648_0_607" -xml /home/whwong/Codes/xilinx/vivado/zynq_motor_basic_test.xpr/zynq_motor_ctrl/zynq_motor_ctrl.sdk/webtalk/usage_statistics_ext_sdk.xml -html /home/whwong/Codes/xilinx/vivado/zynq_motor_basic_test.xpr/zynq_motor_ctrl/zynq_motor_ctrl.sdk/webtalk/usage_statistics_ext_sdk.html -wdm /home/whwong/Codes/xilinx/vivado/zynq_motor_basic_test.xpr/zynq_motor_ctrl/zynq_motor_ctrl.sdk/webtalk/sdk_webtalk.wdm -intro "<H3>SDK Usage Report</H3><BR>"
# webtalk_terminate
INFO: [Common 17-206] Exiting Webtalk at Mon Jun 15 18:34:50 2020...
