
*** Running vivado
    with args -log cpu_wrapper.vdi -applog -m64 -product Vivado -messageDb vivado.pb -mode batch -source cpu_wrapper.tcl -notrace


****** Vivado v2018.3.1 (64-bit)
  **** SW Build 2489853 on Tue Mar 26 04:18:30 MDT 2019
  **** IP Build 2486929 on Tue Mar 26 06:44:21 MDT 2019
    ** Copyright 1986-2019 Xilinx, Inc. All Rights Reserved.

source cpu_wrapper.tcl -notrace
INFO: [IP_Flow 19-234] Refreshing IP repositories
INFO: [IP_Flow 19-1704] No user IP repositories specified
INFO: [IP_Flow 19-2313] Loaded Vivado IP repository '/opt/Xilinx/Vivado/2018.3/data/ip'.
Command: link_design -top cpu_wrapper -part xc7z020clg484-2
Design is defaulting to srcset: sources_1
Design is defaulting to constrset: constrs_1
INFO: [Project 1-454] Reading design checkpoint '/home/whwong/Codes/xilinx/vivado/zynq_motor_basic_test.xpr/zynq_motor_ctrl/zynq_motor_ctrl.srcs/sources_1/bd/cpu/ip/cpu_axi_gpio_0_0/cpu_axi_gpio_0_0.dcp' for cell 'cpu_i/axi_gpio_0'
INFO: [Project 1-454] Reading design checkpoint '/home/whwong/Codes/xilinx/vivado/zynq_motor_basic_test.xpr/zynq_motor_ctrl/zynq_motor_ctrl.srcs/sources_1/bd/cpu/ip/cpu_axi_gpio_1_0/cpu_axi_gpio_1_0.dcp' for cell 'cpu_i/axi_gpio_1'
INFO: [Project 1-454] Reading design checkpoint '/home/whwong/Codes/xilinx/vivado/zynq_motor_basic_test.xpr/zynq_motor_ctrl/zynq_motor_ctrl.srcs/sources_1/bd/cpu/ip/cpu_processing_system7_0_0/cpu_processing_system7_0_0.dcp' for cell 'cpu_i/processing_system7_0'
INFO: [Project 1-454] Reading design checkpoint '/home/whwong/Codes/xilinx/vivado/zynq_motor_basic_test.xpr/zynq_motor_ctrl/zynq_motor_ctrl.srcs/sources_1/bd/cpu/ip/cpu_rst_ps7_0_50M_0/cpu_rst_ps7_0_50M_0.dcp' for cell 'cpu_i/rst_ps7_0_50M'
INFO: [Project 1-454] Reading design checkpoint '/home/whwong/Codes/xilinx/vivado/zynq_motor_basic_test.xpr/zynq_motor_ctrl/zynq_motor_ctrl.srcs/sources_1/bd/cpu/ip/cpu_xbar_0/cpu_xbar_0.dcp' for cell 'cpu_i/ps7_0_axi_periph/xbar'
INFO: [Project 1-454] Reading design checkpoint '/home/whwong/Codes/xilinx/vivado/zynq_motor_basic_test.xpr/zynq_motor_ctrl/zynq_motor_ctrl.srcs/sources_1/bd/cpu/ip/cpu_auto_pc_0/cpu_auto_pc_0.dcp' for cell 'cpu_i/ps7_0_axi_periph/s00_couplers/auto_pc'
INFO: [Netlist 29-17] Analyzing 105 Unisim elements for replacement
INFO: [Netlist 29-28] Unisim Transformation completed in 0 CPU seconds
INFO: [Project 1-479] Netlist was created with Vivado 2018.3.1
INFO: [Device 21-403] Loading part xc7z020clg484-2
INFO: [Project 1-570] Preparing netlist for logic optimization
Parsing XDC File [/home/whwong/Codes/xilinx/vivado/zynq_motor_basic_test.xpr/zynq_motor_ctrl/zynq_motor_ctrl.srcs/sources_1/bd/cpu/ip/cpu_processing_system7_0_0/cpu_processing_system7_0_0.xdc] for cell 'cpu_i/processing_system7_0/inst'
Finished Parsing XDC File [/home/whwong/Codes/xilinx/vivado/zynq_motor_basic_test.xpr/zynq_motor_ctrl/zynq_motor_ctrl.srcs/sources_1/bd/cpu/ip/cpu_processing_system7_0_0/cpu_processing_system7_0_0.xdc] for cell 'cpu_i/processing_system7_0/inst'
Parsing XDC File [/home/whwong/Codes/xilinx/vivado/zynq_motor_basic_test.xpr/zynq_motor_ctrl/zynq_motor_ctrl.srcs/sources_1/bd/cpu/ip/cpu_axi_gpio_0_0/cpu_axi_gpio_0_0_board.xdc] for cell 'cpu_i/axi_gpio_0/U0'
Finished Parsing XDC File [/home/whwong/Codes/xilinx/vivado/zynq_motor_basic_test.xpr/zynq_motor_ctrl/zynq_motor_ctrl.srcs/sources_1/bd/cpu/ip/cpu_axi_gpio_0_0/cpu_axi_gpio_0_0_board.xdc] for cell 'cpu_i/axi_gpio_0/U0'
Parsing XDC File [/home/whwong/Codes/xilinx/vivado/zynq_motor_basic_test.xpr/zynq_motor_ctrl/zynq_motor_ctrl.srcs/sources_1/bd/cpu/ip/cpu_axi_gpio_0_0/cpu_axi_gpio_0_0.xdc] for cell 'cpu_i/axi_gpio_0/U0'
Finished Parsing XDC File [/home/whwong/Codes/xilinx/vivado/zynq_motor_basic_test.xpr/zynq_motor_ctrl/zynq_motor_ctrl.srcs/sources_1/bd/cpu/ip/cpu_axi_gpio_0_0/cpu_axi_gpio_0_0.xdc] for cell 'cpu_i/axi_gpio_0/U0'
Parsing XDC File [/home/whwong/Codes/xilinx/vivado/zynq_motor_basic_test.xpr/zynq_motor_ctrl/zynq_motor_ctrl.srcs/sources_1/bd/cpu/ip/cpu_axi_gpio_1_0/cpu_axi_gpio_1_0_board.xdc] for cell 'cpu_i/axi_gpio_1/U0'
Finished Parsing XDC File [/home/whwong/Codes/xilinx/vivado/zynq_motor_basic_test.xpr/zynq_motor_ctrl/zynq_motor_ctrl.srcs/sources_1/bd/cpu/ip/cpu_axi_gpio_1_0/cpu_axi_gpio_1_0_board.xdc] for cell 'cpu_i/axi_gpio_1/U0'
Parsing XDC File [/home/whwong/Codes/xilinx/vivado/zynq_motor_basic_test.xpr/zynq_motor_ctrl/zynq_motor_ctrl.srcs/sources_1/bd/cpu/ip/cpu_axi_gpio_1_0/cpu_axi_gpio_1_0.xdc] for cell 'cpu_i/axi_gpio_1/U0'
Finished Parsing XDC File [/home/whwong/Codes/xilinx/vivado/zynq_motor_basic_test.xpr/zynq_motor_ctrl/zynq_motor_ctrl.srcs/sources_1/bd/cpu/ip/cpu_axi_gpio_1_0/cpu_axi_gpio_1_0.xdc] for cell 'cpu_i/axi_gpio_1/U0'
Parsing XDC File [/home/whwong/Codes/xilinx/vivado/zynq_motor_basic_test.xpr/zynq_motor_ctrl/zynq_motor_ctrl.srcs/sources_1/bd/cpu/ip/cpu_rst_ps7_0_50M_0/cpu_rst_ps7_0_50M_0_board.xdc] for cell 'cpu_i/rst_ps7_0_50M/U0'
Finished Parsing XDC File [/home/whwong/Codes/xilinx/vivado/zynq_motor_basic_test.xpr/zynq_motor_ctrl/zynq_motor_ctrl.srcs/sources_1/bd/cpu/ip/cpu_rst_ps7_0_50M_0/cpu_rst_ps7_0_50M_0_board.xdc] for cell 'cpu_i/rst_ps7_0_50M/U0'
Parsing XDC File [/home/whwong/Codes/xilinx/vivado/zynq_motor_basic_test.xpr/zynq_motor_ctrl/zynq_motor_ctrl.srcs/sources_1/bd/cpu/ip/cpu_rst_ps7_0_50M_0/cpu_rst_ps7_0_50M_0.xdc] for cell 'cpu_i/rst_ps7_0_50M/U0'
Finished Parsing XDC File [/home/whwong/Codes/xilinx/vivado/zynq_motor_basic_test.xpr/zynq_motor_ctrl/zynq_motor_ctrl.srcs/sources_1/bd/cpu/ip/cpu_rst_ps7_0_50M_0/cpu_rst_ps7_0_50M_0.xdc] for cell 'cpu_i/rst_ps7_0_50M/U0'
Parsing XDC File [/home/whwong/Codes/xilinx/vivado/zynq_motor_basic_test.xpr/zynq_motor_ctrl/zynq_motor_ctrl.srcs/constrs_1/new/top.xdc]
Finished Parsing XDC File [/home/whwong/Codes/xilinx/vivado/zynq_motor_basic_test.xpr/zynq_motor_ctrl/zynq_motor_ctrl.srcs/constrs_1/new/top.xdc]
INFO: [Opt 31-138] Pushed 0 inverter(s) to 0 load pin(s).
Netlist sorting complete. Time (s): cpu = 00:00:00 ; elapsed = 00:00:00.01 . Memory (MB): peak = 1849.598 ; gain = 0.000 ; free physical = 7515 ; free virtual = 12413
INFO: [Project 1-111] Unisim Transformation Summary:
  A total of 23 instances were transformed.
  IOBUF => IOBUF (IBUF, OBUFT): 23 instances

16 Infos, 0 Warnings, 0 Critical Warnings and 0 Errors encountered.
link_design completed successfully
link_design: Time (s): cpu = 00:00:06 ; elapsed = 00:00:06 . Memory (MB): peak = 1849.598 ; gain = 461.578 ; free physical = 7515 ; free virtual = 12413
Command: opt_design
Attempting to get a license for feature 'Implementation' and/or device 'xc7z020'
INFO: [Common 17-349] Got license for feature 'Implementation' and/or device 'xc7z020'
Running DRC as a precondition to command opt_design

Starting DRC Task
INFO: [DRC 23-27] Running DRC with 8 threads
INFO: [Project 1-461] DRC finished with 0 Errors
INFO: [Project 1-462] Please refer to the DRC report (report_drc) for more information.

Time (s): cpu = 00:00:00.81 ; elapsed = 00:00:00.91 . Memory (MB): peak = 1849.598 ; gain = 0.000 ; free physical = 7510 ; free virtual = 12409

Starting Cache Timing Information Task
INFO: [Timing 38-35] Done setting XDC timing constraints.
Ending Cache Timing Information Task | Checksum: 11d664435

Time (s): cpu = 00:00:05 ; elapsed = 00:00:07 . Memory (MB): peak = 2262.133 ; gain = 412.535 ; free physical = 7116 ; free virtual = 12029

Starting Logic Optimization Task

Phase 1 Retarget
INFO: [Opt 31-138] Pushed 184 inverter(s) to 184 load pin(s).
INFO: [Opt 31-49] Retargeted 0 cell(s).
Phase 1 Retarget | Checksum: b116bf5e

Time (s): cpu = 00:00:00.33 ; elapsed = 00:00:00.19 . Memory (MB): peak = 2339.133 ; gain = 0.000 ; free physical = 7050 ; free virtual = 11963
INFO: [Opt 31-389] Phase Retarget created 6 cells and removed 48 cells
INFO: [Opt 31-1021] In phase Retarget, 1 netlist objects are constrained preventing optimization. Please run opt_design with -debug_log to get more detail. 

Phase 2 Constant propagation
INFO: [Opt 31-138] Pushed 0 inverter(s) to 0 load pin(s).
Phase 2 Constant propagation | Checksum: b116bf5e

Time (s): cpu = 00:00:00.36 ; elapsed = 00:00:00.22 . Memory (MB): peak = 2339.133 ; gain = 0.000 ; free physical = 7050 ; free virtual = 11963
INFO: [Opt 31-389] Phase Constant propagation created 0 cells and removed 0 cells

Phase 3 Sweep
Phase 3 Sweep | Checksum: 75a6e3d9

Time (s): cpu = 00:00:00.63 ; elapsed = 00:00:00.49 . Memory (MB): peak = 2339.133 ; gain = 0.000 ; free physical = 7049 ; free virtual = 11963
INFO: [Opt 31-389] Phase Sweep created 0 cells and removed 249 cells

Phase 4 BUFG optimization
Phase 4 BUFG optimization | Checksum: 75a6e3d9

Time (s): cpu = 00:00:00.68 ; elapsed = 00:00:00.54 . Memory (MB): peak = 2339.133 ; gain = 0.000 ; free physical = 7049 ; free virtual = 11963
INFO: [Opt 31-662] Phase BUFG optimization created 0 cells of which 0 are BUFGs and removed 0 cells.

Phase 5 Shift Register Optimization
Phase 5 Shift Register Optimization | Checksum: 108e5723d

Time (s): cpu = 00:00:00.98 ; elapsed = 00:00:00.78 . Memory (MB): peak = 2339.133 ; gain = 0.000 ; free physical = 7049 ; free virtual = 11962
INFO: [Opt 31-389] Phase Shift Register Optimization created 0 cells and removed 0 cells

Phase 6 Post Processing Netlist
Phase 6 Post Processing Netlist | Checksum: 108e5723d

Time (s): cpu = 00:00:01 ; elapsed = 00:00:00.82 . Memory (MB): peak = 2339.133 ; gain = 0.000 ; free physical = 7049 ; free virtual = 11962
INFO: [Opt 31-389] Phase Post Processing Netlist created 0 cells and removed 0 cells
Opt_design Change Summary
=========================


-------------------------------------------------------------------------------------------------------------------------
|  Phase                        |  #Cells created  |  #Cells Removed  |  #Constrained objects preventing optimizations  |
-------------------------------------------------------------------------------------------------------------------------
|  Retarget                     |               6  |              48  |                                              1  |
|  Constant propagation         |               0  |               0  |                                              0  |
|  Sweep                        |               0  |             249  |                                              0  |
|  BUFG optimization            |               0  |               0  |                                              0  |
|  Shift Register Optimization  |               0  |               0  |                                              0  |
|  Post Processing Netlist      |               0  |               0  |                                              0  |
-------------------------------------------------------------------------------------------------------------------------



Starting Connectivity Check Task

Time (s): cpu = 00:00:00 ; elapsed = 00:00:00 . Memory (MB): peak = 2339.133 ; gain = 0.000 ; free physical = 7049 ; free virtual = 11962
Ending Logic Optimization Task | Checksum: 108e5723d

Time (s): cpu = 00:00:01 ; elapsed = 00:00:00.83 . Memory (MB): peak = 2339.133 ; gain = 0.000 ; free physical = 7049 ; free virtual = 11962

Starting Power Optimization Task
INFO: [Pwropt 34-132] Skipping clock gating for clocks with a period < 2.00 ns.
Ending Power Optimization Task | Checksum: 108e5723d

Time (s): cpu = 00:00:00.02 ; elapsed = 00:00:00.01 . Memory (MB): peak = 2339.133 ; gain = 0.000 ; free physical = 7049 ; free virtual = 11962

Starting Final Cleanup Task
Ending Final Cleanup Task | Checksum: 108e5723d

Time (s): cpu = 00:00:00 ; elapsed = 00:00:00 . Memory (MB): peak = 2339.133 ; gain = 0.000 ; free physical = 7049 ; free virtual = 11962

Starting Netlist Obfuscation Task
Netlist sorting complete. Time (s): cpu = 00:00:00.01 ; elapsed = 00:00:00 . Memory (MB): peak = 2339.133 ; gain = 0.000 ; free physical = 7049 ; free virtual = 11962
Ending Netlist Obfuscation Task | Checksum: 108e5723d

Time (s): cpu = 00:00:00.01 ; elapsed = 00:00:00 . Memory (MB): peak = 2339.133 ; gain = 0.000 ; free physical = 7049 ; free virtual = 11962
INFO: [Common 17-83] Releasing license: Implementation
33 Infos, 0 Warnings, 0 Critical Warnings and 0 Errors encountered.
opt_design completed successfully
opt_design: Time (s): cpu = 00:00:08 ; elapsed = 00:00:09 . Memory (MB): peak = 2339.133 ; gain = 489.535 ; free physical = 7049 ; free virtual = 11962
Netlist sorting complete. Time (s): cpu = 00:00:00 ; elapsed = 00:00:00 . Memory (MB): peak = 2339.133 ; gain = 0.000 ; free physical = 7049 ; free virtual = 11962
INFO: [Timing 38-480] Writing timing data to binary archive.
Writing placer database...
Writing XDEF routing.
Writing XDEF routing logical nets.
Writing XDEF routing special nets.
Write XDEF Complete: Time (s): cpu = 00:00:00.06 ; elapsed = 00:00:00.02 . Memory (MB): peak = 2371.148 ; gain = 0.000 ; free physical = 7041 ; free virtual = 11957
Netlist sorting complete. Time (s): cpu = 00:00:00 ; elapsed = 00:00:00 . Memory (MB): peak = 2371.148 ; gain = 0.000 ; free physical = 7042 ; free virtual = 11958
INFO: [Common 17-1381] The checkpoint '/home/whwong/Codes/xilinx/vivado/zynq_motor_basic_test.xpr/zynq_motor_ctrl/zynq_motor_ctrl.runs/impl_1/cpu_wrapper_opt.dcp' has been generated.
INFO: [runtcl-4] Executing : report_drc -file cpu_wrapper_drc_opted.rpt -pb cpu_wrapper_drc_opted.pb -rpx cpu_wrapper_drc_opted.rpx
Command: report_drc -file cpu_wrapper_drc_opted.rpt -pb cpu_wrapper_drc_opted.pb -rpx cpu_wrapper_drc_opted.rpx
INFO: [IP_Flow 19-1839] IP Catalog is up to date.
INFO: [DRC 23-27] Running DRC with 8 threads
WARNING: [Designutils 20-3303] unexpected site type 'IOPAD' in HDPYFinalizeIO
WARNING: [Designutils 20-3303] unexpected site type 'IOPAD' in HDPYFinalizeIO
WARNING: [Designutils 20-3303] unexpected site type 'IOPAD' in HDPYFinalizeIO
WARNING: [Designutils 20-3303] unexpected site type 'IOPAD' in HDPYFinalizeIO
WARNING: [Designutils 20-3303] unexpected site type 'IOPAD' in HDPYFinalizeIO
WARNING: [Designutils 20-3303] unexpected site type 'IOPAD' in HDPYFinalizeIO
WARNING: [Designutils 20-3303] unexpected site type 'IOPAD' in HDPYFinalizeIO
WARNING: [Designutils 20-3303] unexpected site type 'IOPAD' in HDPYFinalizeIO
WARNING: [Designutils 20-3303] unexpected site type 'IOPAD' in HDPYFinalizeIO
WARNING: [Designutils 20-3303] unexpected site type 'IOPAD' in HDPYFinalizeIO
WARNING: [Designutils 20-3303] unexpected site type 'IOPAD' in HDPYFinalizeIO
WARNING: [Designutils 20-3303] unexpected site type 'IOPAD' in HDPYFinalizeIO
WARNING: [Designutils 20-3303] unexpected site type 'IOPAD' in HDPYFinalizeIO
WARNING: [Designutils 20-3303] unexpected site type 'IOPAD' in HDPYFinalizeIO
WARNING: [Designutils 20-3303] unexpected site type 'IOPAD' in HDPYFinalizeIO
WARNING: [Designutils 20-3303] unexpected site type 'IOPAD' in HDPYFinalizeIO
WARNING: [Designutils 20-3303] unexpected site type 'IOPAD' in HDPYFinalizeIO
WARNING: [Designutils 20-3303] unexpected site type 'IOPAD' in HDPYFinalizeIO
WARNING: [Designutils 20-3303] unexpected site type 'IOPAD' in HDPYFinalizeIO
WARNING: [Designutils 20-3303] unexpected site type 'IOPAD' in HDPYFinalizeIO
WARNING: [Designutils 20-3303] unexpected site type 'IOPAD' in HDPYFinalizeIO
WARNING: [Designutils 20-3303] unexpected site type 'IOPAD' in HDPYFinalizeIO
WARNING: [Designutils 20-3303] unexpected site type 'IOPAD' in HDPYFinalizeIO
WARNING: [Designutils 20-3303] unexpected site type 'IOPAD' in HDPYFinalizeIO
WARNING: [Designutils 20-3303] unexpected site type 'IOPAD' in HDPYFinalizeIO
WARNING: [Designutils 20-3303] unexpected site type 'IOPAD' in HDPYFinalizeIO
WARNING: [Designutils 20-3303] unexpected site type 'IOPAD' in HDPYFinalizeIO
WARNING: [Designutils 20-3303] unexpected site type 'IOPAD' in HDPYFinalizeIO
WARNING: [Designutils 20-3303] unexpected site type 'IOPAD' in HDPYFinalizeIO
WARNING: [Designutils 20-3303] unexpected site type 'IOPAD' in HDPYFinalizeIO
WARNING: [Designutils 20-3303] unexpected site type 'IOPAD' in HDPYFinalizeIO
WARNING: [Designutils 20-3303] unexpected site type 'IOPAD' in HDPYFinalizeIO
WARNING: [Designutils 20-3303] unexpected site type 'IOPAD' in HDPYFinalizeIO
WARNING: [Designutils 20-3303] unexpected site type 'IOPAD' in HDPYFinalizeIO
WARNING: [Designutils 20-3303] unexpected site type 'IOPAD' in HDPYFinalizeIO
WARNING: [Designutils 20-3303] unexpected site type 'IOPAD' in HDPYFinalizeIO
WARNING: [Designutils 20-3303] unexpected site type 'IOPAD' in HDPYFinalizeIO
WARNING: [Designutils 20-3303] unexpected site type 'IOPAD' in HDPYFinalizeIO
WARNING: [Designutils 20-3303] unexpected site type 'IOPAD' in HDPYFinalizeIO
WARNING: [Designutils 20-3303] unexpected site type 'IOPAD' in HDPYFinalizeIO
WARNING: [Designutils 20-3303] unexpected site type 'IOPAD' in HDPYFinalizeIO
WARNING: [Designutils 20-3303] unexpected site type 'IOPAD' in HDPYFinalizeIO
WARNING: [Designutils 20-3303] unexpected site type 'IOPAD' in HDPYFinalizeIO
WARNING: [Designutils 20-3303] unexpected site type 'IOPAD' in HDPYFinalizeIO
WARNING: [Designutils 20-3303] unexpected site type 'IOPAD' in HDPYFinalizeIO
WARNING: [Designutils 20-3303] unexpected site type 'IOPAD' in HDPYFinalizeIO
WARNING: [Designutils 20-3303] unexpected site type 'IOPAD' in HDPYFinalizeIO
WARNING: [Designutils 20-3303] unexpected site type 'IOPAD' in HDPYFinalizeIO
WARNING: [Designutils 20-3303] unexpected site type 'IOPAD' in HDPYFinalizeIO
WARNING: [Designutils 20-3303] unexpected site type 'IOPAD' in HDPYFinalizeIO
WARNING: [Designutils 20-3303] unexpected site type 'IOPAD' in HDPYFinalizeIO
WARNING: [Designutils 20-3303] unexpected site type 'IOPAD' in HDPYFinalizeIO
WARNING: [Designutils 20-3303] unexpected site type 'IOPAD' in HDPYFinalizeIO
WARNING: [Designutils 20-3303] unexpected site type 'IOPAD' in HDPYFinalizeIO
WARNING: [Designutils 20-3303] unexpected site type 'IOPAD' in HDPYFinalizeIO
WARNING: [Designutils 20-3303] unexpected site type 'IOPAD' in HDPYFinalizeIO
WARNING: [Designutils 20-3303] unexpected site type 'IOPAD' in HDPYFinalizeIO
WARNING: [Designutils 20-3303] unexpected site type 'IOPAD' in HDPYFinalizeIO
WARNING: [Designutils 20-3303] unexpected site type 'IOPAD' in HDPYFinalizeIO
WARNING: [Designutils 20-3303] unexpected site type 'IOPAD' in HDPYFinalizeIO
WARNING: [Designutils 20-3303] unexpected site type 'IOPAD' in HDPYFinalizeIO
WARNING: [Designutils 20-3303] unexpected site type 'IOPAD' in HDPYFinalizeIO
WARNING: [Designutils 20-3303] unexpected site type 'IOPAD' in HDPYFinalizeIO
WARNING: [Designutils 20-3303] unexpected site type 'IOPAD' in HDPYFinalizeIO
WARNING: [Designutils 20-3303] unexpected site type 'IOPAD' in HDPYFinalizeIO
WARNING: [Designutils 20-3303] unexpected site type 'IOPAD' in HDPYFinalizeIO
WARNING: [Designutils 20-3303] unexpected site type 'IOPAD' in HDPYFinalizeIO
WARNING: [Designutils 20-3303] unexpected site type 'IOPAD' in HDPYFinalizeIO
WARNING: [Designutils 20-3303] unexpected site type 'IOPAD' in HDPYFinalizeIO
WARNING: [Designutils 20-3303] unexpected site type 'IOPAD' in HDPYFinalizeIO
WARNING: [Designutils 20-3303] unexpected site type 'IOPAD' in HDPYFinalizeIO
WARNING: [Designutils 20-3303] unexpected site type 'IOPAD' in HDPYFinalizeIO
WARNING: [Designutils 20-3303] unexpected site type 'IOPAD' in HDPYFinalizeIO
WARNING: [Designutils 20-3303] unexpected site type 'IOPAD' in HDPYFinalizeIO
WARNING: [Designutils 20-3303] unexpected site type 'IOPAD' in HDPYFinalizeIO
WARNING: [Designutils 20-3303] unexpected site type 'IOPAD' in HDPYFinalizeIO
WARNING: [Designutils 20-3303] unexpected site type 'IOPAD' in HDPYFinalizeIO
WARNING: [Designutils 20-3303] unexpected site type 'IOPAD' in HDPYFinalizeIO
WARNING: [Designutils 20-3303] unexpected site type 'IOPAD' in HDPYFinalizeIO
WARNING: [Designutils 20-3303] unexpected site type 'IOPAD' in HDPYFinalizeIO
WARNING: [Designutils 20-3303] unexpected site type 'IOPAD' in HDPYFinalizeIO
WARNING: [Designutils 20-3303] unexpected site type 'IOPAD' in HDPYFinalizeIO
WARNING: [Designutils 20-3303] unexpected site type 'IOPAD' in HDPYFinalizeIO
WARNING: [Designutils 20-3303] unexpected site type 'IOPAD' in HDPYFinalizeIO
WARNING: [Designutils 20-3303] unexpected site type 'IOPAD' in HDPYFinalizeIO
WARNING: [Designutils 20-3303] unexpected site type 'IOPAD' in HDPYFinalizeIO
WARNING: [Designutils 20-3303] unexpected site type 'IOPAD' in HDPYFinalizeIO
WARNING: [Designutils 20-3303] unexpected site type 'IOPAD' in HDPYFinalizeIO
WARNING: [Designutils 20-3303] unexpected site type 'IOPAD' in HDPYFinalizeIO
WARNING: [Designutils 20-3303] unexpected site type 'IOPAD' in HDPYFinalizeIO
WARNING: [Designutils 20-3303] unexpected site type 'IOPAD' in HDPYFinalizeIO
WARNING: [Designutils 20-3303] unexpected site type 'IOPAD' in HDPYFinalizeIO
WARNING: [Designutils 20-3303] unexpected site type 'IOPAD' in HDPYFinalizeIO
WARNING: [Designutils 20-3303] unexpected site type 'IOPAD' in HDPYFinalizeIO
WARNING: [Designutils 20-3303] unexpected site type 'IOPAD' in HDPYFinalizeIO
WARNING: [Designutils 20-3303] unexpected site type 'IOPAD' in HDPYFinalizeIO
WARNING: [Designutils 20-3303] unexpected site type 'IOPAD' in HDPYFinalizeIO
WARNING: [Designutils 20-3303] unexpected site type 'IOPAD' in HDPYFinalizeIO
WARNING: [Designutils 20-3303] unexpected site type 'IOPAD' in HDPYFinalizeIO
WARNING: [Designutils 20-3303] unexpected site type 'IOPAD' in HDPYFinalizeIO
INFO: [Coretcl 2-168] The results of DRC are in file /home/whwong/Codes/xilinx/vivado/zynq_motor_basic_test.xpr/zynq_motor_ctrl/zynq_motor_ctrl.runs/impl_1/cpu_wrapper_drc_opted.rpt.
report_drc completed successfully
Command: place_design
Attempting to get a license for feature 'Implementation' and/or device 'xc7z020'
INFO: [Common 17-349] Got license for feature 'Implementation' and/or device 'xc7z020'
INFO: [DRC 23-27] Running DRC with 8 threads
INFO: [Vivado_Tcl 4-198] DRC finished with 0 Errors
INFO: [Vivado_Tcl 4-199] Please refer to the DRC report (report_drc) for more information.
Running DRC as a precondition to command place_design
INFO: [DRC 23-27] Running DRC with 8 threads
INFO: [Vivado_Tcl 4-198] DRC finished with 0 Errors
INFO: [Vivado_Tcl 4-199] Please refer to the DRC report (report_drc) for more information.

Starting Placer Task
INFO: [Place 30-611] Multithreading enabled for place_design using a maximum of 8 CPUs

Phase 1 Placer Initialization

Phase 1.1 Placer Initialization Netlist Sorting
Netlist sorting complete. Time (s): cpu = 00:00:00 ; elapsed = 00:00:00 . Memory (MB): peak = 2459.191 ; gain = 0.000 ; free physical = 7035 ; free virtual = 11950
Phase 1.1 Placer Initialization Netlist Sorting | Checksum: 6e7a6982

Time (s): cpu = 00:00:00.01 ; elapsed = 00:00:00.07 . Memory (MB): peak = 2459.191 ; gain = 0.000 ; free physical = 7035 ; free virtual = 11950
Netlist sorting complete. Time (s): cpu = 00:00:00 ; elapsed = 00:00:00 . Memory (MB): peak = 2459.191 ; gain = 0.000 ; free physical = 7034 ; free virtual = 11950

Phase 1.2 IO Placement/ Clock Placement/ Build Placer Device
INFO: [Timing 38-35] Done setting XDC timing constraints.
WARNING: [Place 30-568] A LUT 'A/fixp_clkdiv/q_i_2' is driving clock pin of 1 registers. This could lead to large hold time violations. First few involved registers are:
	A/fixP_counter/dff_00/q_reg {FDCE}
WARNING: [Place 30-568] A LUT 'B/fixp_clkdiv/q_i_2__0' is driving clock pin of 1 registers. This could lead to large hold time violations. First few involved registers are:
	B/fixP_counter/dff_00/q_reg {FDCE}
WARNING: [Place 30-568] A LUT 'C/fixp_clkdiv/q_i_2__1' is driving clock pin of 1 registers. This could lead to large hold time violations. First few involved registers are:
	C/fixP_counter/dff_00/q_reg {FDCE}
WARNING: [Place 30-568] A LUT 'D/fixp_clkdiv/q_i_2__2' is driving clock pin of 1 registers. This could lead to large hold time violations. First few involved registers are:
	D/fixP_counter/dff_00/q_reg {FDCE}
Phase 1.2 IO Placement/ Clock Placement/ Build Placer Device | Checksum: 168138134

Time (s): cpu = 00:00:02 ; elapsed = 00:00:01 . Memory (MB): peak = 2459.191 ; gain = 0.000 ; free physical = 7011 ; free virtual = 11929

Phase 1.3 Build Placer Netlist Model
Phase 1.3 Build Placer Netlist Model | Checksum: 233f98a57

Time (s): cpu = 00:00:03 ; elapsed = 00:00:02 . Memory (MB): peak = 2459.191 ; gain = 0.000 ; free physical = 7019 ; free virtual = 11938

Phase 1.4 Constrain Clocks/Macros
Phase 1.4 Constrain Clocks/Macros | Checksum: 233f98a57

Time (s): cpu = 00:00:03 ; elapsed = 00:00:02 . Memory (MB): peak = 2459.191 ; gain = 0.000 ; free physical = 7019 ; free virtual = 11938
Phase 1 Placer Initialization | Checksum: 233f98a57

Time (s): cpu = 00:00:03 ; elapsed = 00:00:02 . Memory (MB): peak = 2459.191 ; gain = 0.000 ; free physical = 7019 ; free virtual = 11938

Phase 2 Global Placement

Phase 2.1 Floorplanning
Phase 2.1 Floorplanning | Checksum: 201a1b85e

Time (s): cpu = 00:00:03 ; elapsed = 00:00:02 . Memory (MB): peak = 2459.191 ; gain = 0.000 ; free physical = 7005 ; free virtual = 11925

Phase 2.2 Physical Synthesis In Placer
INFO: [Physopt 32-65] No nets found for high-fanout optimization.
INFO: [Physopt 32-232] Optimized 0 net. Created 0 new instance.
INFO: [Physopt 32-775] End 1 Pass. Optimized 0 net or cell. Created 0 new cell, deleted 0 existing cell and moved 0 existing cell
INFO: [Physopt 32-670] No setup violation found.  DSP Register Optimization was not performed.
INFO: [Physopt 32-670] No setup violation found.  Shift Register Optimization was not performed.
INFO: [Physopt 32-670] No setup violation found.  BRAM Register Optimization was not performed.
INFO: [Physopt 32-949] No candidate nets found for HD net replication
INFO: [Physopt 32-775] End 1 Pass. Optimized 0 net or cell. Created 0 new cell, deleted 0 existing cell and moved 0 existing cell
Netlist sorting complete. Time (s): cpu = 00:00:00 ; elapsed = 00:00:00 . Memory (MB): peak = 2459.191 ; gain = 0.000 ; free physical = 6989 ; free virtual = 11911

Summary of Physical Synthesis Optimizations
============================================


----------------------------------------------------------------------------------------------------------------------------------------
|  Optimization                  |  Added Cells  |  Removed Cells  |  Optimized Cells/Nets  |  Dont Touch  |  Iterations  |  Elapsed   |
----------------------------------------------------------------------------------------------------------------------------------------
|  Very High Fanout              |            0  |              0  |                     0  |           0  |           1  |  00:00:00  |
|  DSP Register                  |            0  |              0  |                     0  |           0  |           0  |  00:00:00  |
|  Shift Register                |            0  |              0  |                     0  |           0  |           0  |  00:00:00  |
|  BRAM Register                 |            0  |              0  |                     0  |           0  |           0  |  00:00:00  |
|  HD Interface Net Replication  |            0  |              0  |                     0  |           0  |           1  |  00:00:00  |
|  Total                         |            0  |              0  |                     0  |           0  |           2  |  00:00:00  |
----------------------------------------------------------------------------------------------------------------------------------------


Phase 2.2 Physical Synthesis In Placer | Checksum: 1e4caec0a

Time (s): cpu = 00:00:14 ; elapsed = 00:00:05 . Memory (MB): peak = 2459.191 ; gain = 0.000 ; free physical = 6994 ; free virtual = 11916
Phase 2 Global Placement | Checksum: 21d995a14

Time (s): cpu = 00:00:14 ; elapsed = 00:00:05 . Memory (MB): peak = 2459.191 ; gain = 0.000 ; free physical = 6994 ; free virtual = 11916

Phase 3 Detail Placement

Phase 3.1 Commit Multi Column Macros
Phase 3.1 Commit Multi Column Macros | Checksum: 21d995a14

Time (s): cpu = 00:00:15 ; elapsed = 00:00:05 . Memory (MB): peak = 2459.191 ; gain = 0.000 ; free physical = 6994 ; free virtual = 11916

Phase 3.2 Commit Most Macros & LUTRAMs
Phase 3.2 Commit Most Macros & LUTRAMs | Checksum: 19a282ae0

Time (s): cpu = 00:00:15 ; elapsed = 00:00:05 . Memory (MB): peak = 2459.191 ; gain = 0.000 ; free physical = 6994 ; free virtual = 11916

Phase 3.3 Area Swap Optimization
Phase 3.3 Area Swap Optimization | Checksum: 1e6e07116

Time (s): cpu = 00:00:15 ; elapsed = 00:00:05 . Memory (MB): peak = 2459.191 ; gain = 0.000 ; free physical = 6994 ; free virtual = 11916

Phase 3.4 Pipeline Register Optimization
Phase 3.4 Pipeline Register Optimization | Checksum: 1926b5512

Time (s): cpu = 00:00:15 ; elapsed = 00:00:05 . Memory (MB): peak = 2459.191 ; gain = 0.000 ; free physical = 6994 ; free virtual = 11916

Phase 3.5 Small Shape Detail Placement
Phase 3.5 Small Shape Detail Placement | Checksum: 1dd0b4d44

Time (s): cpu = 00:00:16 ; elapsed = 00:00:06 . Memory (MB): peak = 2459.191 ; gain = 0.000 ; free physical = 6989 ; free virtual = 11912

Phase 3.6 Re-assign LUT pins
Phase 3.6 Re-assign LUT pins | Checksum: 1baf4fcd9

Time (s): cpu = 00:00:16 ; elapsed = 00:00:06 . Memory (MB): peak = 2459.191 ; gain = 0.000 ; free physical = 6989 ; free virtual = 11912

Phase 3.7 Pipeline Register Optimization
Phase 3.7 Pipeline Register Optimization | Checksum: 1bf7fd8e5

Time (s): cpu = 00:00:16 ; elapsed = 00:00:06 . Memory (MB): peak = 2459.191 ; gain = 0.000 ; free physical = 6989 ; free virtual = 11912
Phase 3 Detail Placement | Checksum: 1bf7fd8e5

Time (s): cpu = 00:00:16 ; elapsed = 00:00:06 . Memory (MB): peak = 2459.191 ; gain = 0.000 ; free physical = 6989 ; free virtual = 11912

Phase 4 Post Placement Optimization and Clean-Up

Phase 4.1 Post Commit Optimization
INFO: [Timing 38-35] Done setting XDC timing constraints.

Phase 4.1.1 Post Placement Optimization
Post Placement Optimization Initialization | Checksum: f82621a7

Phase 4.1.1.1 BUFG Insertion
INFO: [Place 46-46] BUFG insertion identified 0 candidate nets, 0 success, 0 bufg driver replicated, 0 skipped for placement/routing, 0 skipped for timing, 0 skipped for netlist change reason
Phase 4.1.1.1 BUFG Insertion | Checksum: f82621a7

Time (s): cpu = 00:00:17 ; elapsed = 00:00:06 . Memory (MB): peak = 2459.191 ; gain = 0.000 ; free physical = 6991 ; free virtual = 11914
INFO: [Place 30-746] Post Placement Timing Summary WNS=14.840. For the most accurate timing information please run report_timing.
Phase 4.1.1 Post Placement Optimization | Checksum: e20bcba2

Time (s): cpu = 00:00:17 ; elapsed = 00:00:06 . Memory (MB): peak = 2459.191 ; gain = 0.000 ; free physical = 6991 ; free virtual = 11914
Phase 4.1 Post Commit Optimization | Checksum: e20bcba2

Time (s): cpu = 00:00:17 ; elapsed = 00:00:06 . Memory (MB): peak = 2459.191 ; gain = 0.000 ; free physical = 6991 ; free virtual = 11914

Phase 4.2 Post Placement Cleanup
Phase 4.2 Post Placement Cleanup | Checksum: e20bcba2

Time (s): cpu = 00:00:18 ; elapsed = 00:00:06 . Memory (MB): peak = 2459.191 ; gain = 0.000 ; free physical = 6991 ; free virtual = 11914

Phase 4.3 Placer Reporting
Phase 4.3 Placer Reporting | Checksum: e20bcba2

Time (s): cpu = 00:00:18 ; elapsed = 00:00:06 . Memory (MB): peak = 2459.191 ; gain = 0.000 ; free physical = 6991 ; free virtual = 11914

Phase 4.4 Final Placement Cleanup
Netlist sorting complete. Time (s): cpu = 00:00:00 ; elapsed = 00:00:00 . Memory (MB): peak = 2459.191 ; gain = 0.000 ; free physical = 6991 ; free virtual = 11914
Phase 4.4 Final Placement Cleanup | Checksum: 1aab27a7a

Time (s): cpu = 00:00:18 ; elapsed = 00:00:06 . Memory (MB): peak = 2459.191 ; gain = 0.000 ; free physical = 6991 ; free virtual = 11914
Phase 4 Post Placement Optimization and Clean-Up | Checksum: 1aab27a7a

Time (s): cpu = 00:00:18 ; elapsed = 00:00:06 . Memory (MB): peak = 2459.191 ; gain = 0.000 ; free physical = 6991 ; free virtual = 11914
Ending Placer Task | Checksum: 149a470d2

Time (s): cpu = 00:00:18 ; elapsed = 00:00:06 . Memory (MB): peak = 2459.191 ; gain = 0.000 ; free physical = 7007 ; free virtual = 11931
INFO: [Common 17-83] Releasing license: Implementation
60 Infos, 104 Warnings, 0 Critical Warnings and 0 Errors encountered.
place_design completed successfully
place_design: Time (s): cpu = 00:00:19 ; elapsed = 00:00:07 . Memory (MB): peak = 2459.191 ; gain = 0.000 ; free physical = 7007 ; free virtual = 11931
Netlist sorting complete. Time (s): cpu = 00:00:00 ; elapsed = 00:00:00 . Memory (MB): peak = 2459.191 ; gain = 0.000 ; free physical = 7007 ; free virtual = 11931
INFO: [Timing 38-480] Writing timing data to binary archive.
Writing placer database...
Netlist sorting complete. Time (s): cpu = 00:00:00 ; elapsed = 00:00:00 . Memory (MB): peak = 2459.191 ; gain = 0.000 ; free physical = 7002 ; free virtual = 11928
Writing XDEF routing.
Writing XDEF routing logical nets.
Writing XDEF routing special nets.
Write XDEF Complete: Time (s): cpu = 00:00:00.46 ; elapsed = 00:00:00.13 . Memory (MB): peak = 2459.191 ; gain = 0.000 ; free physical = 6998 ; free virtual = 11928
INFO: [Common 17-1381] The checkpoint '/home/whwong/Codes/xilinx/vivado/zynq_motor_basic_test.xpr/zynq_motor_ctrl/zynq_motor_ctrl.runs/impl_1/cpu_wrapper_placed.dcp' has been generated.
INFO: [runtcl-4] Executing : report_io -file cpu_wrapper_io_placed.rpt
report_io: Time (s): cpu = 00:00:00.12 ; elapsed = 00:00:00.14 . Memory (MB): peak = 2459.191 ; gain = 0.000 ; free physical = 6993 ; free virtual = 11918
INFO: [runtcl-4] Executing : report_utilization -file cpu_wrapper_utilization_placed.rpt -pb cpu_wrapper_utilization_placed.pb
INFO: [runtcl-4] Executing : report_control_sets -verbose -file cpu_wrapper_control_sets_placed.rpt
report_control_sets: Time (s): cpu = 00:00:00.08 ; elapsed = 00:00:00.09 . Memory (MB): peak = 2459.191 ; gain = 0.000 ; free physical = 7005 ; free virtual = 11930
Command: route_design
Attempting to get a license for feature 'Implementation' and/or device 'xc7z020'
INFO: [Common 17-349] Got license for feature 'Implementation' and/or device 'xc7z020'
Running DRC as a precondition to command route_design
INFO: [DRC 23-27] Running DRC with 8 threads
WARNING: [Designutils 20-3303] unexpected site type 'IOPAD' in HDPYFinalizeIO
WARNING: [Designutils 20-3303] unexpected site type 'IOPAD' in HDPYFinalizeIO
WARNING: [Designutils 20-3303] unexpected site type 'IOPAD' in HDPYFinalizeIO
WARNING: [Designutils 20-3303] unexpected site type 'IOPAD' in HDPYFinalizeIO
WARNING: [Designutils 20-3303] unexpected site type 'IOPAD' in HDPYFinalizeIO
WARNING: [Designutils 20-3303] unexpected site type 'IOPAD' in HDPYFinalizeIO
WARNING: [Designutils 20-3303] unexpected site type 'IOPAD' in HDPYFinalizeIO
WARNING: [Designutils 20-3303] unexpected site type 'IOPAD' in HDPYFinalizeIO
WARNING: [Designutils 20-3303] unexpected site type 'IOPAD' in HDPYFinalizeIO
WARNING: [Designutils 20-3303] unexpected site type 'IOPAD' in HDPYFinalizeIO
WARNING: [Designutils 20-3303] unexpected site type 'IOPAD' in HDPYFinalizeIO
WARNING: [Designutils 20-3303] unexpected site type 'IOPAD' in HDPYFinalizeIO
WARNING: [Designutils 20-3303] unexpected site type 'IOPAD' in HDPYFinalizeIO
WARNING: [Designutils 20-3303] unexpected site type 'IOPAD' in HDPYFinalizeIO
WARNING: [Designutils 20-3303] unexpected site type 'IOPAD' in HDPYFinalizeIO
WARNING: [Designutils 20-3303] unexpected site type 'IOPAD' in HDPYFinalizeIO
WARNING: [Designutils 20-3303] unexpected site type 'IOPAD' in HDPYFinalizeIO
WARNING: [Designutils 20-3303] unexpected site type 'IOPAD' in HDPYFinalizeIO
WARNING: [Designutils 20-3303] unexpected site type 'IOPAD' in HDPYFinalizeIO
WARNING: [Designutils 20-3303] unexpected site type 'IOPAD' in HDPYFinalizeIO
WARNING: [Designutils 20-3303] unexpected site type 'IOPAD' in HDPYFinalizeIO
WARNING: [Designutils 20-3303] unexpected site type 'IOPAD' in HDPYFinalizeIO
WARNING: [Designutils 20-3303] unexpected site type 'IOPAD' in HDPYFinalizeIO
WARNING: [Designutils 20-3303] unexpected site type 'IOPAD' in HDPYFinalizeIO
WARNING: [Designutils 20-3303] unexpected site type 'IOPAD' in HDPYFinalizeIO
WARNING: [Designutils 20-3303] unexpected site type 'IOPAD' in HDPYFinalizeIO
WARNING: [Designutils 20-3303] unexpected site type 'IOPAD' in HDPYFinalizeIO
WARNING: [Designutils 20-3303] unexpected site type 'IOPAD' in HDPYFinalizeIO
WARNING: [Designutils 20-3303] unexpected site type 'IOPAD' in HDPYFinalizeIO
WARNING: [Designutils 20-3303] unexpected site type 'IOPAD' in HDPYFinalizeIO
WARNING: [Designutils 20-3303] unexpected site type 'IOPAD' in HDPYFinalizeIO
WARNING: [Designutils 20-3303] unexpected site type 'IOPAD' in HDPYFinalizeIO
WARNING: [Designutils 20-3303] unexpected site type 'IOPAD' in HDPYFinalizeIO
WARNING: [Designutils 20-3303] unexpected site type 'IOPAD' in HDPYFinalizeIO
WARNING: [Designutils 20-3303] unexpected site type 'IOPAD' in HDPYFinalizeIO
WARNING: [Designutils 20-3303] unexpected site type 'IOPAD' in HDPYFinalizeIO
WARNING: [Designutils 20-3303] unexpected site type 'IOPAD' in HDPYFinalizeIO
WARNING: [Designutils 20-3303] unexpected site type 'IOPAD' in HDPYFinalizeIO
WARNING: [Designutils 20-3303] unexpected site type 'IOPAD' in HDPYFinalizeIO
WARNING: [Designutils 20-3303] unexpected site type 'IOPAD' in HDPYFinalizeIO
WARNING: [Designutils 20-3303] unexpected site type 'IOPAD' in HDPYFinalizeIO
WARNING: [Designutils 20-3303] unexpected site type 'IOPAD' in HDPYFinalizeIO
WARNING: [Designutils 20-3303] unexpected site type 'IOPAD' in HDPYFinalizeIO
WARNING: [Designutils 20-3303] unexpected site type 'IOPAD' in HDPYFinalizeIO
WARNING: [Designutils 20-3303] unexpected site type 'IOPAD' in HDPYFinalizeIO
WARNING: [Designutils 20-3303] unexpected site type 'IOPAD' in HDPYFinalizeIO
WARNING: [Designutils 20-3303] unexpected site type 'IOPAD' in HDPYFinalizeIO
WARNING: [Designutils 20-3303] unexpected site type 'IOPAD' in HDPYFinalizeIO
WARNING: [Designutils 20-3303] unexpected site type 'IOPAD' in HDPYFinalizeIO
WARNING: [Designutils 20-3303] unexpected site type 'IOPAD' in HDPYFinalizeIO
WARNING: [Designutils 20-3303] unexpected site type 'IOPAD' in HDPYFinalizeIO
WARNING: [Designutils 20-3303] unexpected site type 'IOPAD' in HDPYFinalizeIO
WARNING: [Designutils 20-3303] unexpected site type 'IOPAD' in HDPYFinalizeIO
WARNING: [Designutils 20-3303] unexpected site type 'IOPAD' in HDPYFinalizeIO
WARNING: [Designutils 20-3303] unexpected site type 'IOPAD' in HDPYFinalizeIO
WARNING: [Designutils 20-3303] unexpected site type 'IOPAD' in HDPYFinalizeIO
WARNING: [Designutils 20-3303] unexpected site type 'IOPAD' in HDPYFinalizeIO
WARNING: [Designutils 20-3303] unexpected site type 'IOPAD' in HDPYFinalizeIO
WARNING: [Designutils 20-3303] unexpected site type 'IOPAD' in HDPYFinalizeIO
WARNING: [Designutils 20-3303] unexpected site type 'IOPAD' in HDPYFinalizeIO
WARNING: [Designutils 20-3303] unexpected site type 'IOPAD' in HDPYFinalizeIO
WARNING: [Designutils 20-3303] unexpected site type 'IOPAD' in HDPYFinalizeIO
WARNING: [Designutils 20-3303] unexpected site type 'IOPAD' in HDPYFinalizeIO
WARNING: [Designutils 20-3303] unexpected site type 'IOPAD' in HDPYFinalizeIO
WARNING: [Designutils 20-3303] unexpected site type 'IOPAD' in HDPYFinalizeIO
WARNING: [Designutils 20-3303] unexpected site type 'IOPAD' in HDPYFinalizeIO
WARNING: [Designutils 20-3303] unexpected site type 'IOPAD' in HDPYFinalizeIO
WARNING: [Designutils 20-3303] unexpected site type 'IOPAD' in HDPYFinalizeIO
WARNING: [Designutils 20-3303] unexpected site type 'IOPAD' in HDPYFinalizeIO
WARNING: [Designutils 20-3303] unexpected site type 'IOPAD' in HDPYFinalizeIO
WARNING: [Designutils 20-3303] unexpected site type 'IOPAD' in HDPYFinalizeIO
WARNING: [Designutils 20-3303] unexpected site type 'IOPAD' in HDPYFinalizeIO
WARNING: [Designutils 20-3303] unexpected site type 'IOPAD' in HDPYFinalizeIO
WARNING: [Designutils 20-3303] unexpected site type 'IOPAD' in HDPYFinalizeIO
WARNING: [Designutils 20-3303] unexpected site type 'IOPAD' in HDPYFinalizeIO
WARNING: [Designutils 20-3303] unexpected site type 'IOPAD' in HDPYFinalizeIO
WARNING: [Designutils 20-3303] unexpected site type 'IOPAD' in HDPYFinalizeIO
WARNING: [Designutils 20-3303] unexpected site type 'IOPAD' in HDPYFinalizeIO
WARNING: [Designutils 20-3303] unexpected site type 'IOPAD' in HDPYFinalizeIO
WARNING: [Designutils 20-3303] unexpected site type 'IOPAD' in HDPYFinalizeIO
WARNING: [Designutils 20-3303] unexpected site type 'IOPAD' in HDPYFinalizeIO
WARNING: [Designutils 20-3303] unexpected site type 'IOPAD' in HDPYFinalizeIO
WARNING: [Designutils 20-3303] unexpected site type 'IOPAD' in HDPYFinalizeIO
WARNING: [Designutils 20-3303] unexpected site type 'IOPAD' in HDPYFinalizeIO
WARNING: [Designutils 20-3303] unexpected site type 'IOPAD' in HDPYFinalizeIO
WARNING: [Designutils 20-3303] unexpected site type 'IOPAD' in HDPYFinalizeIO
WARNING: [Designutils 20-3303] unexpected site type 'IOPAD' in HDPYFinalizeIO
WARNING: [Designutils 20-3303] unexpected site type 'IOPAD' in HDPYFinalizeIO
WARNING: [Designutils 20-3303] unexpected site type 'IOPAD' in HDPYFinalizeIO
WARNING: [Designutils 20-3303] unexpected site type 'IOPAD' in HDPYFinalizeIO
WARNING: [Designutils 20-3303] unexpected site type 'IOPAD' in HDPYFinalizeIO
WARNING: [Designutils 20-3303] unexpected site type 'IOPAD' in HDPYFinalizeIO
WARNING: [Designutils 20-3303] unexpected site type 'IOPAD' in HDPYFinalizeIO
WARNING: [Designutils 20-3303] unexpected site type 'IOPAD' in HDPYFinalizeIO
WARNING: [Designutils 20-3303] unexpected site type 'IOPAD' in HDPYFinalizeIO
WARNING: [Designutils 20-3303] unexpected site type 'IOPAD' in HDPYFinalizeIO
WARNING: [Designutils 20-3303] unexpected site type 'IOPAD' in HDPYFinalizeIO
WARNING: [Designutils 20-3303] unexpected site type 'IOPAD' in HDPYFinalizeIO
WARNING: [Designutils 20-3303] unexpected site type 'IOPAD' in HDPYFinalizeIO
WARNING: [Designutils 20-3303] unexpected site type 'IOPAD' in HDPYFinalizeIO
INFO: [Common 17-14] Message 'Designutils 20-3303' appears 100 times and further instances of the messages will be disabled. Use the Tcl command set_msg_config to change the current settings.
INFO: [Vivado_Tcl 4-198] DRC finished with 0 Errors
INFO: [Vivado_Tcl 4-199] Please refer to the DRC report (report_drc) for more information.


Starting Routing Task
INFO: [Route 35-254] Multithreading enabled for route_design using a maximum of 8 CPUs
Checksum: PlaceDB: 6b3cf4eb ConstDB: 0 ShapeSum: de677be7 RouteDB: 0

Phase 1 Build RT Design
Phase 1 Build RT Design | Checksum: 511a2e45

Time (s): cpu = 00:00:15 ; elapsed = 00:00:12 . Memory (MB): peak = 2510.816 ; gain = 51.625 ; free physical = 6872 ; free virtual = 11797
Post Restoration Checksum: NetGraph: 4e4c4786 NumContArr: 2cde6bf Constraints: 0 Timing: 0

Phase 2 Router Initialization

Phase 2.1 Create Timer
Phase 2.1 Create Timer | Checksum: 511a2e45

Time (s): cpu = 00:00:15 ; elapsed = 00:00:12 . Memory (MB): peak = 2533.812 ; gain = 74.621 ; free physical = 6842 ; free virtual = 11768

Phase 2.2 Fix Topology Constraints
Phase 2.2 Fix Topology Constraints | Checksum: 511a2e45

Time (s): cpu = 00:00:15 ; elapsed = 00:00:13 . Memory (MB): peak = 2564.812 ; gain = 105.621 ; free physical = 6810 ; free virtual = 11736

Phase 2.3 Pre Route Cleanup
Phase 2.3 Pre Route Cleanup | Checksum: 511a2e45

Time (s): cpu = 00:00:15 ; elapsed = 00:00:13 . Memory (MB): peak = 2564.812 ; gain = 105.621 ; free physical = 6810 ; free virtual = 11736
 Number of Nodes with overlaps = 0

Phase 2.4 Update Timing
Phase 2.4 Update Timing | Checksum: 1d2407945

Time (s): cpu = 00:00:17 ; elapsed = 00:00:14 . Memory (MB): peak = 2588.867 ; gain = 129.676 ; free physical = 6801 ; free virtual = 11727
INFO: [Route 35-416] Intermediate Timing Summary | WNS=14.856 | TNS=0.000  | WHS=-0.178 | THS=-91.965|

Phase 2 Router Initialization | Checksum: 2056968a5

Time (s): cpu = 00:00:17 ; elapsed = 00:00:14 . Memory (MB): peak = 2588.867 ; gain = 129.676 ; free physical = 6801 ; free virtual = 11728

Phase 3 Initial Routing
Phase 3 Initial Routing | Checksum: 1902eda52

Time (s): cpu = 00:00:18 ; elapsed = 00:00:14 . Memory (MB): peak = 2588.867 ; gain = 129.676 ; free physical = 6798 ; free virtual = 11724

Phase 4 Rip-up And Reroute

Phase 4.1 Global Iteration 0
 Number of Nodes with overlaps = 168
 Number of Nodes with overlaps = 0
INFO: [Route 35-416] Intermediate Timing Summary | WNS=14.725 | TNS=0.000  | WHS=N/A    | THS=N/A    |

Phase 4.1 Global Iteration 0 | Checksum: 190a78e99

Time (s): cpu = 00:00:19 ; elapsed = 00:00:15 . Memory (MB): peak = 2588.867 ; gain = 129.676 ; free physical = 6796 ; free virtual = 11722
Phase 4 Rip-up And Reroute | Checksum: 190a78e99

Time (s): cpu = 00:00:19 ; elapsed = 00:00:15 . Memory (MB): peak = 2588.867 ; gain = 129.676 ; free physical = 6796 ; free virtual = 11722

Phase 5 Delay and Skew Optimization

Phase 5.1 Delay CleanUp
Phase 5.1 Delay CleanUp | Checksum: 190a78e99

Time (s): cpu = 00:00:19 ; elapsed = 00:00:15 . Memory (MB): peak = 2588.867 ; gain = 129.676 ; free physical = 6796 ; free virtual = 11722

Phase 5.2 Clock Skew Optimization
Phase 5.2 Clock Skew Optimization | Checksum: 190a78e99

Time (s): cpu = 00:00:19 ; elapsed = 00:00:15 . Memory (MB): peak = 2588.867 ; gain = 129.676 ; free physical = 6796 ; free virtual = 11722
Phase 5 Delay and Skew Optimization | Checksum: 190a78e99

Time (s): cpu = 00:00:19 ; elapsed = 00:00:15 . Memory (MB): peak = 2588.867 ; gain = 129.676 ; free physical = 6796 ; free virtual = 11722

Phase 6 Post Hold Fix

Phase 6.1 Hold Fix Iter

Phase 6.1.1 Update Timing
Phase 6.1.1 Update Timing | Checksum: 1e4bbdd0d

Time (s): cpu = 00:00:19 ; elapsed = 00:00:15 . Memory (MB): peak = 2588.867 ; gain = 129.676 ; free physical = 6796 ; free virtual = 11722
INFO: [Route 35-416] Intermediate Timing Summary | WNS=14.821 | TNS=0.000  | WHS=0.061  | THS=0.000  |

Phase 6.1 Hold Fix Iter | Checksum: 1e4bbdd0d

Time (s): cpu = 00:00:19 ; elapsed = 00:00:15 . Memory (MB): peak = 2588.867 ; gain = 129.676 ; free physical = 6796 ; free virtual = 11722
Phase 6 Post Hold Fix | Checksum: 1e4bbdd0d

Time (s): cpu = 00:00:19 ; elapsed = 00:00:15 . Memory (MB): peak = 2588.867 ; gain = 129.676 ; free physical = 6796 ; free virtual = 11722

Phase 7 Route finalize

Router Utilization Summary
  Global Vertical Routing Utilization    = 0.774309 %
  Global Horizontal Routing Utilization  = 0.595673 %
  Routable Net Status*
  *Does not include unroutable nets such as driverless and loadless.
  Run report_route_status for detailed report.
  Number of Failed Nets               = 0
  Number of Unrouted Nets             = 0
  Number of Partially Routed Nets     = 0
  Number of Node Overlaps             = 0

Phase 7 Route finalize | Checksum: 2159a7b3a

Time (s): cpu = 00:00:19 ; elapsed = 00:00:15 . Memory (MB): peak = 2588.867 ; gain = 129.676 ; free physical = 6796 ; free virtual = 11722

Phase 8 Verifying routed nets

 Verification completed successfully
Phase 8 Verifying routed nets | Checksum: 2159a7b3a

Time (s): cpu = 00:00:19 ; elapsed = 00:00:15 . Memory (MB): peak = 2588.867 ; gain = 129.676 ; free physical = 6795 ; free virtual = 11721

Phase 9 Depositing Routes
Phase 9 Depositing Routes | Checksum: 1c1d6ba75

Time (s): cpu = 00:00:19 ; elapsed = 00:00:15 . Memory (MB): peak = 2588.867 ; gain = 129.676 ; free physical = 6795 ; free virtual = 11722

Phase 10 Post Router Timing
INFO: [Route 35-57] Estimated Timing Summary | WNS=14.821 | TNS=0.000  | WHS=0.061  | THS=0.000  |

INFO: [Route 35-327] The final timing numbers are based on the router estimated timing analysis. For a complete and accurate timing signoff, please run report_timing_summary.
Phase 10 Post Router Timing | Checksum: 1c1d6ba75

Time (s): cpu = 00:00:19 ; elapsed = 00:00:15 . Memory (MB): peak = 2588.867 ; gain = 129.676 ; free physical = 6795 ; free virtual = 11722
INFO: [Route 35-16] Router Completed Successfully

Time (s): cpu = 00:00:19 ; elapsed = 00:00:15 . Memory (MB): peak = 2588.867 ; gain = 129.676 ; free physical = 6830 ; free virtual = 11757

Routing Is Done.
INFO: [Common 17-83] Releasing license: Implementation
78 Infos, 204 Warnings, 0 Critical Warnings and 0 Errors encountered.
route_design completed successfully
route_design: Time (s): cpu = 00:00:21 ; elapsed = 00:00:16 . Memory (MB): peak = 2588.867 ; gain = 129.676 ; free physical = 6830 ; free virtual = 11757
Netlist sorting complete. Time (s): cpu = 00:00:00 ; elapsed = 00:00:00 . Memory (MB): peak = 2588.867 ; gain = 0.000 ; free physical = 6830 ; free virtual = 11757
INFO: [Timing 38-480] Writing timing data to binary archive.
Writing placer database...
Netlist sorting complete. Time (s): cpu = 00:00:00 ; elapsed = 00:00:00 . Memory (MB): peak = 2588.867 ; gain = 0.000 ; free physical = 6825 ; free virtual = 11754
Writing XDEF routing.
Writing XDEF routing logical nets.
Writing XDEF routing special nets.
Write XDEF Complete: Time (s): cpu = 00:00:00.49 ; elapsed = 00:00:00.15 . Memory (MB): peak = 2588.867 ; gain = 0.000 ; free physical = 6820 ; free virtual = 11754
INFO: [Common 17-1381] The checkpoint '/home/whwong/Codes/xilinx/vivado/zynq_motor_basic_test.xpr/zynq_motor_ctrl/zynq_motor_ctrl.runs/impl_1/cpu_wrapper_routed.dcp' has been generated.
INFO: [runtcl-4] Executing : report_drc -file cpu_wrapper_drc_routed.rpt -pb cpu_wrapper_drc_routed.pb -rpx cpu_wrapper_drc_routed.rpx
Command: report_drc -file cpu_wrapper_drc_routed.rpt -pb cpu_wrapper_drc_routed.pb -rpx cpu_wrapper_drc_routed.rpx
INFO: [IP_Flow 19-1839] IP Catalog is up to date.
INFO: [DRC 23-27] Running DRC with 8 threads
INFO: [Coretcl 2-168] The results of DRC are in file /home/whwong/Codes/xilinx/vivado/zynq_motor_basic_test.xpr/zynq_motor_ctrl/zynq_motor_ctrl.runs/impl_1/cpu_wrapper_drc_routed.rpt.
report_drc completed successfully
INFO: [runtcl-4] Executing : report_methodology -file cpu_wrapper_methodology_drc_routed.rpt -pb cpu_wrapper_methodology_drc_routed.pb -rpx cpu_wrapper_methodology_drc_routed.rpx
Command: report_methodology -file cpu_wrapper_methodology_drc_routed.rpt -pb cpu_wrapper_methodology_drc_routed.pb -rpx cpu_wrapper_methodology_drc_routed.rpx
INFO: [Timing 38-35] Done setting XDC timing constraints.
INFO: [DRC 23-133] Running Methodology with 8 threads
INFO: [Coretcl 2-1520] The results of Report Methodology are in file /home/whwong/Codes/xilinx/vivado/zynq_motor_basic_test.xpr/zynq_motor_ctrl/zynq_motor_ctrl.runs/impl_1/cpu_wrapper_methodology_drc_routed.rpt.
report_methodology completed successfully
INFO: [runtcl-4] Executing : report_power -file cpu_wrapper_power_routed.rpt -pb cpu_wrapper_power_summary_routed.pb -rpx cpu_wrapper_power_routed.rpx
Command: report_power -file cpu_wrapper_power_routed.rpt -pb cpu_wrapper_power_summary_routed.pb -rpx cpu_wrapper_power_routed.rpx
INFO: [Timing 38-35] Done setting XDC timing constraints.
Running Vector-less Activity Propagation...

Finished Running Vector-less Activity Propagation
90 Infos, 204 Warnings, 0 Critical Warnings and 0 Errors encountered.
report_power completed successfully
INFO: [runtcl-4] Executing : report_route_status -file cpu_wrapper_route_status.rpt -pb cpu_wrapper_route_status.pb
INFO: [runtcl-4] Executing : report_timing_summary -max_paths 10 -file cpu_wrapper_timing_summary_routed.rpt -pb cpu_wrapper_timing_summary_routed.pb -rpx cpu_wrapper_timing_summary_routed.rpx -warn_on_violation 
INFO: [Timing 38-91] UpdateTimingParams: Speed grade: -2, Delay Type: min_max.
INFO: [Timing 38-191] Multithreading enabled for timing update using a maximum of 8 CPUs
INFO: [runtcl-4] Executing : report_incremental_reuse -file cpu_wrapper_incremental_reuse_routed.rpt
INFO: [Vivado_Tcl 4-1062] Incremental flow is disabled. No incremental reuse Info to report.
INFO: [runtcl-4] Executing : report_clock_utilization -file cpu_wrapper_clock_utilization_routed.rpt
INFO: [runtcl-4] Executing : report_bus_skew -warn_on_violation -file cpu_wrapper_bus_skew_routed.rpt -pb cpu_wrapper_bus_skew_routed.pb -rpx cpu_wrapper_bus_skew_routed.rpx
INFO: [Timing 38-91] UpdateTimingParams: Speed grade: -2, Delay Type: min_max.
INFO: [Timing 38-191] Multithreading enabled for timing update using a maximum of 8 CPUs
Command: write_bitstream -force cpu_wrapper.bit
Attempting to get a license for feature 'Implementation' and/or device 'xc7z020'
INFO: [Common 17-349] Got license for feature 'Implementation' and/or device 'xc7z020'
Running DRC as a precondition to command write_bitstream
INFO: [IP_Flow 19-1839] IP Catalog is up to date.
INFO: [DRC 23-27] Running DRC with 8 threads
WARNING: [Designutils 20-3303] unexpected site type 'IOPAD' in HDPYFinalizeIO
WARNING: [Designutils 20-3303] unexpected site type 'IOPAD' in HDPYFinalizeIO
WARNING: [Designutils 20-3303] unexpected site type 'IOPAD' in HDPYFinalizeIO
WARNING: [Designutils 20-3303] unexpected site type 'IOPAD' in HDPYFinalizeIO
WARNING: [Designutils 20-3303] unexpected site type 'IOPAD' in HDPYFinalizeIO
WARNING: [Designutils 20-3303] unexpected site type 'IOPAD' in HDPYFinalizeIO
WARNING: [Designutils 20-3303] unexpected site type 'IOPAD' in HDPYFinalizeIO
WARNING: [Designutils 20-3303] unexpected site type 'IOPAD' in HDPYFinalizeIO
WARNING: [Designutils 20-3303] unexpected site type 'IOPAD' in HDPYFinalizeIO
WARNING: [Designutils 20-3303] unexpected site type 'IOPAD' in HDPYFinalizeIO
WARNING: [Designutils 20-3303] unexpected site type 'IOPAD' in HDPYFinalizeIO
WARNING: [Designutils 20-3303] unexpected site type 'IOPAD' in HDPYFinalizeIO
WARNING: [Designutils 20-3303] unexpected site type 'IOPAD' in HDPYFinalizeIO
WARNING: [Designutils 20-3303] unexpected site type 'IOPAD' in HDPYFinalizeIO
WARNING: [Designutils 20-3303] unexpected site type 'IOPAD' in HDPYFinalizeIO
WARNING: [Designutils 20-3303] unexpected site type 'IOPAD' in HDPYFinalizeIO
WARNING: [Designutils 20-3303] unexpected site type 'IOPAD' in HDPYFinalizeIO
WARNING: [Designutils 20-3303] unexpected site type 'IOPAD' in HDPYFinalizeIO
WARNING: [Designutils 20-3303] unexpected site type 'IOPAD' in HDPYFinalizeIO
WARNING: [Designutils 20-3303] unexpected site type 'IOPAD' in HDPYFinalizeIO
WARNING: [Designutils 20-3303] unexpected site type 'IOPAD' in HDPYFinalizeIO
WARNING: [Designutils 20-3303] unexpected site type 'IOPAD' in HDPYFinalizeIO
WARNING: [Designutils 20-3303] unexpected site type 'IOPAD' in HDPYFinalizeIO
WARNING: [Designutils 20-3303] unexpected site type 'IOPAD' in HDPYFinalizeIO
WARNING: [Designutils 20-3303] unexpected site type 'IOPAD' in HDPYFinalizeIO
WARNING: [Designutils 20-3303] unexpected site type 'IOPAD' in HDPYFinalizeIO
WARNING: [Designutils 20-3303] unexpected site type 'IOPAD' in HDPYFinalizeIO
WARNING: [Designutils 20-3303] unexpected site type 'IOPAD' in HDPYFinalizeIO
WARNING: [Designutils 20-3303] unexpected site type 'IOPAD' in HDPYFinalizeIO
WARNING: [Designutils 20-3303] unexpected site type 'IOPAD' in HDPYFinalizeIO
WARNING: [Designutils 20-3303] unexpected site type 'IOPAD' in HDPYFinalizeIO
WARNING: [Designutils 20-3303] unexpected site type 'IOPAD' in HDPYFinalizeIO
WARNING: [Designutils 20-3303] unexpected site type 'IOPAD' in HDPYFinalizeIO
WARNING: [Designutils 20-3303] unexpected site type 'IOPAD' in HDPYFinalizeIO
WARNING: [Designutils 20-3303] unexpected site type 'IOPAD' in HDPYFinalizeIO
WARNING: [Designutils 20-3303] unexpected site type 'IOPAD' in HDPYFinalizeIO
WARNING: [Designutils 20-3303] unexpected site type 'IOPAD' in HDPYFinalizeIO
WARNING: [Designutils 20-3303] unexpected site type 'IOPAD' in HDPYFinalizeIO
WARNING: [Designutils 20-3303] unexpected site type 'IOPAD' in HDPYFinalizeIO
WARNING: [Designutils 20-3303] unexpected site type 'IOPAD' in HDPYFinalizeIO
WARNING: [Designutils 20-3303] unexpected site type 'IOPAD' in HDPYFinalizeIO
WARNING: [Designutils 20-3303] unexpected site type 'IOPAD' in HDPYFinalizeIO
WARNING: [Designutils 20-3303] unexpected site type 'IOPAD' in HDPYFinalizeIO
WARNING: [Designutils 20-3303] unexpected site type 'IOPAD' in HDPYFinalizeIO
WARNING: [Designutils 20-3303] unexpected site type 'IOPAD' in HDPYFinalizeIO
WARNING: [Designutils 20-3303] unexpected site type 'IOPAD' in HDPYFinalizeIO
WARNING: [Designutils 20-3303] unexpected site type 'IOPAD' in HDPYFinalizeIO
WARNING: [Designutils 20-3303] unexpected site type 'IOPAD' in HDPYFinalizeIO
WARNING: [Designutils 20-3303] unexpected site type 'IOPAD' in HDPYFinalizeIO
WARNING: [Designutils 20-3303] unexpected site type 'IOPAD' in HDPYFinalizeIO
WARNING: [Designutils 20-3303] unexpected site type 'IOPAD' in HDPYFinalizeIO
WARNING: [Designutils 20-3303] unexpected site type 'IOPAD' in HDPYFinalizeIO
WARNING: [Designutils 20-3303] unexpected site type 'IOPAD' in HDPYFinalizeIO
WARNING: [Designutils 20-3303] unexpected site type 'IOPAD' in HDPYFinalizeIO
WARNING: [Designutils 20-3303] unexpected site type 'IOPAD' in HDPYFinalizeIO
WARNING: [Designutils 20-3303] unexpected site type 'IOPAD' in HDPYFinalizeIO
WARNING: [Designutils 20-3303] unexpected site type 'IOPAD' in HDPYFinalizeIO
WARNING: [Designutils 20-3303] unexpected site type 'IOPAD' in HDPYFinalizeIO
WARNING: [Designutils 20-3303] unexpected site type 'IOPAD' in HDPYFinalizeIO
WARNING: [Designutils 20-3303] unexpected site type 'IOPAD' in HDPYFinalizeIO
WARNING: [Designutils 20-3303] unexpected site type 'IOPAD' in HDPYFinalizeIO
WARNING: [Designutils 20-3303] unexpected site type 'IOPAD' in HDPYFinalizeIO
WARNING: [Designutils 20-3303] unexpected site type 'IOPAD' in HDPYFinalizeIO
WARNING: [Designutils 20-3303] unexpected site type 'IOPAD' in HDPYFinalizeIO
WARNING: [Designutils 20-3303] unexpected site type 'IOPAD' in HDPYFinalizeIO
WARNING: [Designutils 20-3303] unexpected site type 'IOPAD' in HDPYFinalizeIO
WARNING: [Designutils 20-3303] unexpected site type 'IOPAD' in HDPYFinalizeIO
WARNING: [Designutils 20-3303] unexpected site type 'IOPAD' in HDPYFinalizeIO
WARNING: [Designutils 20-3303] unexpected site type 'IOPAD' in HDPYFinalizeIO
WARNING: [Designutils 20-3303] unexpected site type 'IOPAD' in HDPYFinalizeIO
WARNING: [Designutils 20-3303] unexpected site type 'IOPAD' in HDPYFinalizeIO
WARNING: [Designutils 20-3303] unexpected site type 'IOPAD' in HDPYFinalizeIO
WARNING: [Designutils 20-3303] unexpected site type 'IOPAD' in HDPYFinalizeIO
WARNING: [Designutils 20-3303] unexpected site type 'IOPAD' in HDPYFinalizeIO
WARNING: [Designutils 20-3303] unexpected site type 'IOPAD' in HDPYFinalizeIO
WARNING: [Designutils 20-3303] unexpected site type 'IOPAD' in HDPYFinalizeIO
WARNING: [Designutils 20-3303] unexpected site type 'IOPAD' in HDPYFinalizeIO
WARNING: [Designutils 20-3303] unexpected site type 'IOPAD' in HDPYFinalizeIO
WARNING: [Designutils 20-3303] unexpected site type 'IOPAD' in HDPYFinalizeIO
WARNING: [Designutils 20-3303] unexpected site type 'IOPAD' in HDPYFinalizeIO
WARNING: [Designutils 20-3303] unexpected site type 'IOPAD' in HDPYFinalizeIO
WARNING: [Designutils 20-3303] unexpected site type 'IOPAD' in HDPYFinalizeIO
WARNING: [Designutils 20-3303] unexpected site type 'IOPAD' in HDPYFinalizeIO
WARNING: [Designutils 20-3303] unexpected site type 'IOPAD' in HDPYFinalizeIO
WARNING: [Designutils 20-3303] unexpected site type 'IOPAD' in HDPYFinalizeIO
WARNING: [Designutils 20-3303] unexpected site type 'IOPAD' in HDPYFinalizeIO
WARNING: [Designutils 20-3303] unexpected site type 'IOPAD' in HDPYFinalizeIO
WARNING: [Designutils 20-3303] unexpected site type 'IOPAD' in HDPYFinalizeIO
WARNING: [Designutils 20-3303] unexpected site type 'IOPAD' in HDPYFinalizeIO
WARNING: [Designutils 20-3303] unexpected site type 'IOPAD' in HDPYFinalizeIO
WARNING: [Designutils 20-3303] unexpected site type 'IOPAD' in HDPYFinalizeIO
WARNING: [Designutils 20-3303] unexpected site type 'IOPAD' in HDPYFinalizeIO
WARNING: [Designutils 20-3303] unexpected site type 'IOPAD' in HDPYFinalizeIO
WARNING: [Designutils 20-3303] unexpected site type 'IOPAD' in HDPYFinalizeIO
WARNING: [Designutils 20-3303] unexpected site type 'IOPAD' in HDPYFinalizeIO
WARNING: [Designutils 20-3303] unexpected site type 'IOPAD' in HDPYFinalizeIO
WARNING: [Designutils 20-3303] unexpected site type 'IOPAD' in HDPYFinalizeIO
WARNING: [Designutils 20-3303] unexpected site type 'IOPAD' in HDPYFinalizeIO
WARNING: [Designutils 20-3303] unexpected site type 'IOPAD' in HDPYFinalizeIO
WARNING: [Designutils 20-3303] unexpected site type 'IOPAD' in HDPYFinalizeIO
INFO: [Common 17-14] Message 'Designutils 20-3303' appears 100 times and further instances of the messages will be disabled. Use the Tcl command set_msg_config to change the current settings.
WARNING: [DRC PDRC-153] Gated clock check: Net A/fixp_clkdiv/fixp_clk is a gated clock net sourced by a combinational pin A/fixp_clkdiv/q_i_2/O, cell A/fixp_clkdiv/q_i_2. This is not good design practice and will likely impact performance. For SLICE registers, for example, use the CE pin to control the loading of data.
WARNING: [DRC PDRC-153] Gated clock check: Net B/fixp_clkdiv/fixp_clk is a gated clock net sourced by a combinational pin B/fixp_clkdiv/q_i_2__0/O, cell B/fixp_clkdiv/q_i_2__0. This is not good design practice and will likely impact performance. For SLICE registers, for example, use the CE pin to control the loading of data.
WARNING: [DRC PDRC-153] Gated clock check: Net C/fixp_clkdiv/fixp_clk is a gated clock net sourced by a combinational pin C/fixp_clkdiv/q_i_2__1/O, cell C/fixp_clkdiv/q_i_2__1. This is not good design practice and will likely impact performance. For SLICE registers, for example, use the CE pin to control the loading of data.
WARNING: [DRC PDRC-153] Gated clock check: Net D/fixp_clkdiv/fixp_clk is a gated clock net sourced by a combinational pin D/fixp_clkdiv/q_i_2__2/O, cell D/fixp_clkdiv/q_i_2__2. This is not good design practice and will likely impact performance. For SLICE registers, for example, use the CE pin to control the loading of data.
WARNING: [DRC PLHOLDVIO-2] Non-Optimal connections which could lead to hold violations: A LUT A/fixp_clkdiv/q_i_2 is driving clock pin of 1 cells. This could lead to large hold time violations. Involved cells are:
A/fixP_counter/dff_00/q_reg
WARNING: [DRC PLHOLDVIO-2] Non-Optimal connections which could lead to hold violations: A LUT B/fixp_clkdiv/q_i_2__0 is driving clock pin of 1 cells. This could lead to large hold time violations. Involved cells are:
B/fixP_counter/dff_00/q_reg
WARNING: [DRC PLHOLDVIO-2] Non-Optimal connections which could lead to hold violations: A LUT C/fixp_clkdiv/q_i_2__1 is driving clock pin of 1 cells. This could lead to large hold time violations. Involved cells are:
C/fixP_counter/dff_00/q_reg
WARNING: [DRC PLHOLDVIO-2] Non-Optimal connections which could lead to hold violations: A LUT D/fixp_clkdiv/q_i_2__2 is driving clock pin of 1 cells. This could lead to large hold time violations. Involved cells are:
D/fixP_counter/dff_00/q_reg
INFO: [Vivado 12-3199] DRC finished with 0 Errors, 8 Warnings
INFO: [Vivado 12-3200] Please refer to the DRC report (report_drc) for more information.
INFO: [Designutils 20-2272] Running write_bitstream with 8 threads.
Loading data files...
Loading site data...
Loading route data...
Processing options...
Creating bitmap...
Creating bitstream...
Writing bitstream ./cpu_wrapper.bit...
INFO: [Vivado 12-1842] Bitgen Completed Successfully.
INFO: [Project 1-118] WebTalk data collection is enabled (User setting is ON. Install Setting is ON.).
INFO: [Common 17-83] Releasing license: Implementation
110 Infos, 312 Warnings, 0 Critical Warnings and 0 Errors encountered.
write_bitstream completed successfully
write_bitstream: Time (s): cpu = 00:00:12 ; elapsed = 00:00:12 . Memory (MB): peak = 2959.230 ; gain = 250.270 ; free physical = 6768 ; free virtual = 11710
INFO: [Common 17-206] Exiting Vivado at Tue Jun  2 09:58:21 2020...

*** Running vivado
    with args -log cpu_wrapper.vdi -applog -m64 -product Vivado -messageDb vivado.pb -mode batch -source cpu_wrapper.tcl -notrace


****** Vivado v2018.3.1 (64-bit)
  **** SW Build 2489853 on Tue Mar 26 04:18:30 MDT 2019
  **** IP Build 2486929 on Tue Mar 26 06:44:21 MDT 2019
    ** Copyright 1986-2019 Xilinx, Inc. All Rights Reserved.

source cpu_wrapper.tcl -notrace
Command: open_checkpoint cpu_wrapper_routed.dcp

Starting open_checkpoint Task

Time (s): cpu = 00:00:00.05 ; elapsed = 00:00:00.08 . Memory (MB): peak = 1358.758 ; gain = 0.000 ; free physical = 19577 ; free virtual = 27379
INFO: [Netlist 29-17] Analyzing 105 Unisim elements for replacement
INFO: [Netlist 29-28] Unisim Transformation completed in 0 CPU seconds
INFO: [Project 1-479] Netlist was created with Vivado 2018.3.1
INFO: [Device 21-403] Loading part xc7z020clg484-2
INFO: [Project 1-570] Preparing netlist for logic optimization
INFO: [Timing 38-478] Restoring timing data from binary archive.
INFO: [Timing 38-479] Binary timing data restore complete.
INFO: [Project 1-856] Restoring constraints from binary archive.
INFO: [Project 1-853] Binary constraint restore complete.
Reading XDEF placement.
Reading placer database...
Reading XDEF routing.
Read XDEF File: Time (s): cpu = 00:00:00.31 ; elapsed = 00:00:00.43 . Memory (MB): peak = 2157.648 ; gain = 5.000 ; free physical = 18650 ; free virtual = 26561
Restored from archive | CPU: 0.360000 secs | Memory: 4.905800 MB |
Finished XDEF File Restore: Time (s): cpu = 00:00:00.31 ; elapsed = 00:00:00.43 . Memory (MB): peak = 2157.648 ; gain = 5.000 ; free physical = 18650 ; free virtual = 26561
Netlist sorting complete. Time (s): cpu = 00:00:00 ; elapsed = 00:00:00 . Memory (MB): peak = 2157.648 ; gain = 0.000 ; free physical = 18651 ; free virtual = 26562
INFO: [Project 1-111] Unisim Transformation Summary:
  A total of 23 instances were transformed.
  IOBUF => IOBUF (IBUF, OBUFT): 23 instances

INFO: [Project 1-604] Checkpoint was created with Vivado v2018.3.1 (64-bit) build 2489853
open_checkpoint: Time (s): cpu = 00:00:11 ; elapsed = 00:00:20 . Memory (MB): peak = 2157.648 ; gain = 798.891 ; free physical = 18651 ; free virtual = 26562
Command: write_bitstream -force cpu_wrapper.bit
Attempting to get a license for feature 'Implementation' and/or device 'xc7z020'
INFO: [Common 17-349] Got license for feature 'Implementation' and/or device 'xc7z020'
Running DRC as a precondition to command write_bitstream
INFO: [IP_Flow 19-234] Refreshing IP repositories
INFO: [IP_Flow 19-1704] No user IP repositories specified
INFO: [IP_Flow 19-2313] Loaded Vivado IP repository '/opt/Xilinx/Vivado/2018.3/data/ip'.
INFO: [DRC 23-27] Running DRC with 8 threads
WARNING: [Designutils 20-3303] unexpected site type 'IOPAD' in HDPYFinalizeIO
WARNING: [Designutils 20-3303] unexpected site type 'IOPAD' in HDPYFinalizeIO
WARNING: [Designutils 20-3303] unexpected site type 'IOPAD' in HDPYFinalizeIO
WARNING: [Designutils 20-3303] unexpected site type 'IOPAD' in HDPYFinalizeIO
WARNING: [Designutils 20-3303] unexpected site type 'IOPAD' in HDPYFinalizeIO
WARNING: [Designutils 20-3303] unexpected site type 'IOPAD' in HDPYFinalizeIO
WARNING: [Designutils 20-3303] unexpected site type 'IOPAD' in HDPYFinalizeIO
WARNING: [Designutils 20-3303] unexpected site type 'IOPAD' in HDPYFinalizeIO
WARNING: [Designutils 20-3303] unexpected site type 'IOPAD' in HDPYFinalizeIO
WARNING: [Designutils 20-3303] unexpected site type 'IOPAD' in HDPYFinalizeIO
WARNING: [Designutils 20-3303] unexpected site type 'IOPAD' in HDPYFinalizeIO
WARNING: [Designutils 20-3303] unexpected site type 'IOPAD' in HDPYFinalizeIO
WARNING: [Designutils 20-3303] unexpected site type 'IOPAD' in HDPYFinalizeIO
WARNING: [Designutils 20-3303] unexpected site type 'IOPAD' in HDPYFinalizeIO
WARNING: [Designutils 20-3303] unexpected site type 'IOPAD' in HDPYFinalizeIO
WARNING: [Designutils 20-3303] unexpected site type 'IOPAD' in HDPYFinalizeIO
WARNING: [Designutils 20-3303] unexpected site type 'IOPAD' in HDPYFinalizeIO
WARNING: [Designutils 20-3303] unexpected site type 'IOPAD' in HDPYFinalizeIO
WARNING: [Designutils 20-3303] unexpected site type 'IOPAD' in HDPYFinalizeIO
WARNING: [Designutils 20-3303] unexpected site type 'IOPAD' in HDPYFinalizeIO
WARNING: [Designutils 20-3303] unexpected site type 'IOPAD' in HDPYFinalizeIO
WARNING: [Designutils 20-3303] unexpected site type 'IOPAD' in HDPYFinalizeIO
WARNING: [Designutils 20-3303] unexpected site type 'IOPAD' in HDPYFinalizeIO
WARNING: [Designutils 20-3303] unexpected site type 'IOPAD' in HDPYFinalizeIO
WARNING: [Designutils 20-3303] unexpected site type 'IOPAD' in HDPYFinalizeIO
WARNING: [Designutils 20-3303] unexpected site type 'IOPAD' in HDPYFinalizeIO
WARNING: [Designutils 20-3303] unexpected site type 'IOPAD' in HDPYFinalizeIO
WARNING: [Designutils 20-3303] unexpected site type 'IOPAD' in HDPYFinalizeIO
WARNING: [Designutils 20-3303] unexpected site type 'IOPAD' in HDPYFinalizeIO
WARNING: [Designutils 20-3303] unexpected site type 'IOPAD' in HDPYFinalizeIO
WARNING: [Designutils 20-3303] unexpected site type 'IOPAD' in HDPYFinalizeIO
WARNING: [Designutils 20-3303] unexpected site type 'IOPAD' in HDPYFinalizeIO
WARNING: [Designutils 20-3303] unexpected site type 'IOPAD' in HDPYFinalizeIO
WARNING: [Designutils 20-3303] unexpected site type 'IOPAD' in HDPYFinalizeIO
WARNING: [Designutils 20-3303] unexpected site type 'IOPAD' in HDPYFinalizeIO
WARNING: [Designutils 20-3303] unexpected site type 'IOPAD' in HDPYFinalizeIO
WARNING: [Designutils 20-3303] unexpected site type 'IOPAD' in HDPYFinalizeIO
WARNING: [Designutils 20-3303] unexpected site type 'IOPAD' in HDPYFinalizeIO
WARNING: [Designutils 20-3303] unexpected site type 'IOPAD' in HDPYFinalizeIO
WARNING: [Designutils 20-3303] unexpected site type 'IOPAD' in HDPYFinalizeIO
WARNING: [Designutils 20-3303] unexpected site type 'IOPAD' in HDPYFinalizeIO
WARNING: [Designutils 20-3303] unexpected site type 'IOPAD' in HDPYFinalizeIO
WARNING: [Designutils 20-3303] unexpected site type 'IOPAD' in HDPYFinalizeIO
WARNING: [Designutils 20-3303] unexpected site type 'IOPAD' in HDPYFinalizeIO
WARNING: [Designutils 20-3303] unexpected site type 'IOPAD' in HDPYFinalizeIO
WARNING: [Designutils 20-3303] unexpected site type 'IOPAD' in HDPYFinalizeIO
WARNING: [Designutils 20-3303] unexpected site type 'IOPAD' in HDPYFinalizeIO
WARNING: [Designutils 20-3303] unexpected site type 'IOPAD' in HDPYFinalizeIO
WARNING: [Designutils 20-3303] unexpected site type 'IOPAD' in HDPYFinalizeIO
WARNING: [Designutils 20-3303] unexpected site type 'IOPAD' in HDPYFinalizeIO
WARNING: [Designutils 20-3303] unexpected site type 'IOPAD' in HDPYFinalizeIO
WARNING: [Designutils 20-3303] unexpected site type 'IOPAD' in HDPYFinalizeIO
WARNING: [Designutils 20-3303] unexpected site type 'IOPAD' in HDPYFinalizeIO
WARNING: [Designutils 20-3303] unexpected site type 'IOPAD' in HDPYFinalizeIO
WARNING: [Designutils 20-3303] unexpected site type 'IOPAD' in HDPYFinalizeIO
WARNING: [Designutils 20-3303] unexpected site type 'IOPAD' in HDPYFinalizeIO
WARNING: [Designutils 20-3303] unexpected site type 'IOPAD' in HDPYFinalizeIO
WARNING: [Designutils 20-3303] unexpected site type 'IOPAD' in HDPYFinalizeIO
WARNING: [Designutils 20-3303] unexpected site type 'IOPAD' in HDPYFinalizeIO
WARNING: [Designutils 20-3303] unexpected site type 'IOPAD' in HDPYFinalizeIO
WARNING: [Designutils 20-3303] unexpected site type 'IOPAD' in HDPYFinalizeIO
WARNING: [Designutils 20-3303] unexpected site type 'IOPAD' in HDPYFinalizeIO
WARNING: [Designutils 20-3303] unexpected site type 'IOPAD' in HDPYFinalizeIO
WARNING: [Designutils 20-3303] unexpected site type 'IOPAD' in HDPYFinalizeIO
WARNING: [Designutils 20-3303] unexpected site type 'IOPAD' in HDPYFinalizeIO
WARNING: [Designutils 20-3303] unexpected site type 'IOPAD' in HDPYFinalizeIO
WARNING: [Designutils 20-3303] unexpected site type 'IOPAD' in HDPYFinalizeIO
WARNING: [Designutils 20-3303] unexpected site type 'IOPAD' in HDPYFinalizeIO
WARNING: [Designutils 20-3303] unexpected site type 'IOPAD' in HDPYFinalizeIO
WARNING: [Designutils 20-3303] unexpected site type 'IOPAD' in HDPYFinalizeIO
WARNING: [Designutils 20-3303] unexpected site type 'IOPAD' in HDPYFinalizeIO
WARNING: [Designutils 20-3303] unexpected site type 'IOPAD' in HDPYFinalizeIO
WARNING: [Designutils 20-3303] unexpected site type 'IOPAD' in HDPYFinalizeIO
WARNING: [Designutils 20-3303] unexpected site type 'IOPAD' in HDPYFinalizeIO
WARNING: [Designutils 20-3303] unexpected site type 'IOPAD' in HDPYFinalizeIO
WARNING: [Designutils 20-3303] unexpected site type 'IOPAD' in HDPYFinalizeIO
WARNING: [Designutils 20-3303] unexpected site type 'IOPAD' in HDPYFinalizeIO
WARNING: [Designutils 20-3303] unexpected site type 'IOPAD' in HDPYFinalizeIO
WARNING: [Designutils 20-3303] unexpected site type 'IOPAD' in HDPYFinalizeIO
WARNING: [Designutils 20-3303] unexpected site type 'IOPAD' in HDPYFinalizeIO
WARNING: [Designutils 20-3303] unexpected site type 'IOPAD' in HDPYFinalizeIO
WARNING: [Designutils 20-3303] unexpected site type 'IOPAD' in HDPYFinalizeIO
WARNING: [Designutils 20-3303] unexpected site type 'IOPAD' in HDPYFinalizeIO
WARNING: [Designutils 20-3303] unexpected site type 'IOPAD' in HDPYFinalizeIO
WARNING: [Designutils 20-3303] unexpected site type 'IOPAD' in HDPYFinalizeIO
WARNING: [Designutils 20-3303] unexpected site type 'IOPAD' in HDPYFinalizeIO
WARNING: [Designutils 20-3303] unexpected site type 'IOPAD' in HDPYFinalizeIO
WARNING: [Designutils 20-3303] unexpected site type 'IOPAD' in HDPYFinalizeIO
WARNING: [Designutils 20-3303] unexpected site type 'IOPAD' in HDPYFinalizeIO
WARNING: [Designutils 20-3303] unexpected site type 'IOPAD' in HDPYFinalizeIO
WARNING: [Designutils 20-3303] unexpected site type 'IOPAD' in HDPYFinalizeIO
WARNING: [Designutils 20-3303] unexpected site type 'IOPAD' in HDPYFinalizeIO
WARNING: [Designutils 20-3303] unexpected site type 'IOPAD' in HDPYFinalizeIO
WARNING: [Designutils 20-3303] unexpected site type 'IOPAD' in HDPYFinalizeIO
WARNING: [Designutils 20-3303] unexpected site type 'IOPAD' in HDPYFinalizeIO
WARNING: [Designutils 20-3303] unexpected site type 'IOPAD' in HDPYFinalizeIO
WARNING: [Designutils 20-3303] unexpected site type 'IOPAD' in HDPYFinalizeIO
WARNING: [Designutils 20-3303] unexpected site type 'IOPAD' in HDPYFinalizeIO
WARNING: [Designutils 20-3303] unexpected site type 'IOPAD' in HDPYFinalizeIO
WARNING: [Designutils 20-3303] unexpected site type 'IOPAD' in HDPYFinalizeIO
INFO: [Common 17-14] Message 'Designutils 20-3303' appears 100 times and further instances of the messages will be disabled. Use the Tcl command set_msg_config to change the current settings.
WARNING: [DRC PDRC-153] Gated clock check: Net A/fixp_clkdiv/fixp_clk is a gated clock net sourced by a combinational pin A/fixp_clkdiv/q_i_2/O, cell A/fixp_clkdiv/q_i_2. This is not good design practice and will likely impact performance. For SLICE registers, for example, use the CE pin to control the loading of data.
WARNING: [DRC PDRC-153] Gated clock check: Net B/fixp_clkdiv/fixp_clk is a gated clock net sourced by a combinational pin B/fixp_clkdiv/q_i_2__0/O, cell B/fixp_clkdiv/q_i_2__0. This is not good design practice and will likely impact performance. For SLICE registers, for example, use the CE pin to control the loading of data.
WARNING: [DRC PDRC-153] Gated clock check: Net C/fixp_clkdiv/fixp_clk is a gated clock net sourced by a combinational pin C/fixp_clkdiv/q_i_2__1/O, cell C/fixp_clkdiv/q_i_2__1. This is not good design practice and will likely impact performance. For SLICE registers, for example, use the CE pin to control the loading of data.
WARNING: [DRC PDRC-153] Gated clock check: Net D/fixp_clkdiv/fixp_clk is a gated clock net sourced by a combinational pin D/fixp_clkdiv/q_i_2__2/O, cell D/fixp_clkdiv/q_i_2__2. This is not good design practice and will likely impact performance. For SLICE registers, for example, use the CE pin to control the loading of data.
WARNING: [DRC PLHOLDVIO-2] Non-Optimal connections which could lead to hold violations: A LUT A/fixp_clkdiv/q_i_2 is driving clock pin of 1 cells. This could lead to large hold time violations. Involved cells are:
A/fixP_counter/dff_00/q_reg
WARNING: [DRC PLHOLDVIO-2] Non-Optimal connections which could lead to hold violations: A LUT B/fixp_clkdiv/q_i_2__0 is driving clock pin of 1 cells. This could lead to large hold time violations. Involved cells are:
B/fixP_counter/dff_00/q_reg
WARNING: [DRC PLHOLDVIO-2] Non-Optimal connections which could lead to hold violations: A LUT C/fixp_clkdiv/q_i_2__1 is driving clock pin of 1 cells. This could lead to large hold time violations. Involved cells are:
C/fixP_counter/dff_00/q_reg
WARNING: [DRC PLHOLDVIO-2] Non-Optimal connections which could lead to hold violations: A LUT D/fixp_clkdiv/q_i_2__2 is driving clock pin of 1 cells. This could lead to large hold time violations. Involved cells are:
D/fixP_counter/dff_00/q_reg
INFO: [Vivado 12-3199] DRC finished with 0 Errors, 8 Warnings
INFO: [Vivado 12-3200] Please refer to the DRC report (report_drc) for more information.
INFO: [Designutils 20-2272] Running write_bitstream with 8 threads.
Loading data files...
Loading site data...
Loading route data...
Processing options...
Creating bitmap...
Creating bitstream...
Writing bitstream ./cpu_wrapper.bit...
INFO: [Vivado 12-1842] Bitgen Completed Successfully.
INFO: [Project 1-118] WebTalk data collection is enabled (User setting is ON. Install Setting is ON.).
INFO: [Common 17-83] Releasing license: Implementation
23 Infos, 108 Warnings, 0 Critical Warnings and 0 Errors encountered.
write_bitstream completed successfully
write_bitstream: Time (s): cpu = 00:00:13 ; elapsed = 00:00:17 . Memory (MB): peak = 2646.027 ; gain = 488.379 ; free physical = 18569 ; free virtual = 26494
INFO: [Common 17-206] Exiting Vivado at Tue Jul 13 15:18:08 2021...
